Currently Loaded Modulefiles:
  1) null                         4) hadoop/1.1.1
  2) modules                      5) myhadoop/0.2a/hadoop-1.1.1
  3) java/j2sdk/1.6.0_22
14/12/06 23:16:51 INFO namenode.NameNode: STARTUP_MSG: 
/************************************************************
STARTUP_MSG: Starting NameNode
STARTUP_MSG:   host = d07n07s02/10.104.7.107
STARTUP_MSG:   args = [-format]
STARTUP_MSG:   version = 1.1.1
STARTUP_MSG:   build = https://svn.apache.org/repos/asf/hadoop/common/branches/branch-1.1 -r 1411108; compiled by 'hortonfo' on Mon Nov 19 10:48:11 UTC 2012
************************************************************/
14/12/06 23:16:51 INFO util.GSet: VM type       = 64-bit
14/12/06 23:16:51 INFO util.GSet: 2% max memory = 36.41 MB
14/12/06 23:16:51 INFO util.GSet: capacity      = 2^22 = 4194304 entries
14/12/06 23:16:51 INFO util.GSet: recommended=4194304, actual=4194304
14/12/06 23:16:52 INFO namenode.FSNamesystem: fsOwner=rajaramr
14/12/06 23:16:52 INFO namenode.FSNamesystem: supergroup=supergroup
14/12/06 23:16:52 INFO namenode.FSNamesystem: isPermissionEnabled=true
14/12/06 23:16:52 INFO namenode.FSNamesystem: dfs.block.invalidate.limit=100
14/12/06 23:16:52 INFO namenode.FSNamesystem: isAccessTokenEnabled=false accessKeyUpdateInterval=0 min(s), accessTokenLifetime=0 min(s)
14/12/06 23:16:52 INFO namenode.NameNode: Caching file names occuring more than 10 times 
14/12/06 23:16:53 INFO common.Storage: Image file of size 114 saved in 0 seconds.
14/12/06 23:16:53 INFO namenode.FSEditLog: closing edit log: position=4, editlog=/scratch/hadoop-rajaramr/data/dfs/name/current/edits
14/12/06 23:16:53 INFO namenode.FSEditLog: close success: truncate to 4, editlog=/scratch/hadoop-rajaramr/data/dfs/name/current/edits
14/12/06 23:16:53 INFO common.Storage: Storage directory /scratch/hadoop-rajaramr/data/dfs/name has been successfully formatted.
14/12/06 23:16:53 INFO namenode.NameNode: SHUTDOWN_MSG: 
/************************************************************
SHUTDOWN_MSG: Shutting down NameNode at d07n07s02/10.104.7.107
************************************************************/
14/12/06 23:17:39 WARN mapred.JobClient: Use GenericOptionsParser for parsing the arguments. Applications should implement Tool for the same.
14/12/06 23:17:39 INFO input.FileInputFormat: Total input paths to process : 1
14/12/06 23:17:39 INFO util.NativeCodeLoader: Loaded the native-hadoop library
14/12/06 23:17:39 WARN snappy.LoadSnappy: Snappy native library not loaded
14/12/06 23:17:40 INFO mapred.JobClient: Running job: job_201412062317_0001
14/12/06 23:17:41 INFO mapred.JobClient:  map 0% reduce 0%
14/12/06 23:17:51 INFO mapred.JobClient:  map 33% reduce 0%
14/12/06 23:17:54 INFO mapred.JobClient:  map 53% reduce 0%
14/12/06 23:17:57 INFO mapred.JobClient:  map 72% reduce 0%
14/12/06 23:18:00 INFO mapred.JobClient:  map 92% reduce 0%
14/12/06 23:18:02 INFO mapred.JobClient:  map 100% reduce 0%
14/12/06 23:18:09 INFO mapred.JobClient:  map 100% reduce 8%
14/12/06 23:18:10 INFO mapred.JobClient:  map 100% reduce 25%
14/12/06 23:18:11 INFO mapred.JobClient:  map 100% reduce 29%
14/12/06 23:18:12 INFO mapred.JobClient:  map 100% reduce 37%
14/12/06 23:18:13 INFO mapred.JobClient:  map 100% reduce 45%
14/12/06 23:18:14 INFO mapred.JobClient:  map 100% reduce 66%
14/12/06 23:18:15 INFO mapred.JobClient:  map 100% reduce 75%
14/12/06 23:18:16 INFO mapred.JobClient:  map 100% reduce 99%
14/12/06 23:18:18 INFO mapred.JobClient:  map 100% reduce 100%
14/12/06 23:18:21 INFO mapred.JobClient: Task Id : attempt_201412062317_0001_m_000001_0, Status : FAILED
java.lang.Throwable: Child Error
	at org.apache.hadoop.mapred.TaskRunner.run(TaskRunner.java:271)
Caused by: java.io.IOException: Cannot run program "ln": java.io.IOException: error=12, Cannot allocate memory
	at java.lang.ProcessBuilder.start(ProcessBuilder.java:460)
	at java.lang.Runtime.exec(Runtime.java:593)
	at java.lang.Runtime.exec(Runtime.java:431)
	at java.lang.Runtime.exec(Runtime.java:369)
	at org.apache.hadoop.fs.FileUtil.symLink(FileUtil.java:567)
	at org.apache.hadoop.mapred.TaskLog.createTaskAttemptLogDir(TaskLog.java:109)
	at org.apache.hadoop.mapred.DefaultTaskController.createLogDir(DefaultTaskController.java:71)
	at org.apache.hadoop.mapred.TaskRunner.prepareLogFiles(TaskRunner.java:316)
	at org.apache.hadoop.mapred.TaskRunner.run(TaskRunner.java:228)
Caused by: java.io.IOException: java.io.IOException: error=12, Cannot allocate memory
	at java.lang.UNIXProcess.<init>(UNIXProcess.java:148)
	at java.lang.ProcessImpl.start(ProcessImpl.java:65)
	at java.lang.ProcessBuilder.start(ProcessBuilder.java:453)
	... 8 more

14/12/06 23:18:21 WARN mapred.JobClient: Error reading task outputhttp://d07n07s02.ccr.buffalo.edu:50060/tasklog?plaintext=true&attemptid=attempt_201412062317_0001_m_000001_0&filter=stdout
14/12/06 23:18:21 WARN mapred.JobClient: Error reading task outputhttp://d07n07s02.ccr.buffalo.edu:50060/tasklog?plaintext=true&attemptid=attempt_201412062317_0001_m_000001_0&filter=stderr
14/12/06 23:18:24 INFO mapred.JobClient: Task Id : attempt_201412062317_0001_r_000008_0, Status : FAILED
java.lang.Throwable: Child Error
	at org.apache.hadoop.mapred.TaskRunner.run(TaskRunner.java:271)
Caused by: java.io.IOException: Cannot run program "ln": java.io.IOException: error=12, Cannot allocate memory
	at java.lang.ProcessBuilder.start(ProcessBuilder.java:460)
	at java.lang.Runtime.exec(Runtime.java:593)
	at java.lang.Runtime.exec(Runtime.java:431)
	at java.lang.Runtime.exec(Runtime.java:369)
	at org.apache.hadoop.fs.FileUtil.symLink(FileUtil.java:567)
	at org.apache.hadoop.mapred.TaskLog.createTaskAttemptLogDir(TaskLog.java:109)
	at org.apache.hadoop.mapred.DefaultTaskController.createLogDir(DefaultTaskController.java:71)
	at org.apache.hadoop.mapred.TaskRunner.prepareLogFiles(TaskRunner.java:316)
	at org.apache.hadoop.mapred.TaskRunner.run(TaskRunner.java:228)
Caused by: java.io.IOException: java.io.IOException: error=12, Cannot allocate memory
	at java.lang.UNIXProcess.<init>(UNIXProcess.java:148)
	at java.lang.ProcessImpl.start(ProcessImpl.java:65)
	at java.lang.ProcessBuilder.start(ProcessBuilder.java:453)
	... 8 more

14/12/06 23:18:24 WARN mapred.JobClient: Error reading task outputhttp://d07n07s02.ccr.buffalo.edu:50060/tasklog?plaintext=true&attemptid=attempt_201412062317_0001_r_000008_0&filter=stdout
14/12/06 23:18:24 WARN mapred.JobClient: Error reading task outputhttp://d07n07s02.ccr.buffalo.edu:50060/tasklog?plaintext=true&attemptid=attempt_201412062317_0001_r_000008_0&filter=stderr
14/12/06 23:18:25 INFO mapred.JobClient: Job complete: job_201412062317_0001
14/12/06 23:18:25 INFO mapred.JobClient: Counters: 29
14/12/06 23:18:25 INFO mapred.JobClient:   Job Counters 
14/12/06 23:18:25 INFO mapred.JobClient:     Launched reduce tasks=8
14/12/06 23:18:25 INFO mapred.JobClient:     SLOTS_MILLIS_MAPS=23701
14/12/06 23:18:25 INFO mapred.JobClient:     Total time spent by all reduces waiting after reserving slots (ms)=0
14/12/06 23:18:25 INFO mapred.JobClient:     Total time spent by all maps waiting after reserving slots (ms)=0
14/12/06 23:18:25 INFO mapred.JobClient:     Rack-local map tasks=1
14/12/06 23:18:25 INFO mapred.JobClient:     Launched map tasks=1
14/12/06 23:18:25 INFO mapred.JobClient:     SLOTS_MILLIS_REDUCES=114936
14/12/06 23:18:25 INFO mapred.JobClient:   File Output Format Counters 
14/12/06 23:18:25 INFO mapred.JobClient:     Bytes Written=12000000
14/12/06 23:18:25 INFO mapred.JobClient:   FileSystemCounters
14/12/06 23:18:25 INFO mapred.JobClient:     FILE_BYTES_READ=25634072
14/12/06 23:18:25 INFO mapred.JobClient:     HDFS_BYTES_READ=10100107
14/12/06 23:18:25 INFO mapred.JobClient:     FILE_BYTES_WRITTEN=36219538
14/12/06 23:18:25 INFO mapred.JobClient:     HDFS_BYTES_WRITTEN=12000000
14/12/06 23:18:25 INFO mapred.JobClient:   File Input Format Counters 
14/12/06 23:18:25 INFO mapred.JobClient:     Bytes Read=10100000
14/12/06 23:18:25 INFO mapred.JobClient:   Map-Reduce Framework
14/12/06 23:18:25 INFO mapred.JobClient:     Map output materialized bytes=12000048
14/12/06 23:18:25 INFO mapred.JobClient:     Map input records=100000
14/12/06 23:18:25 INFO mapred.JobClient:     Reduce shuffle bytes=12000048
14/12/06 23:18:25 INFO mapred.JobClient:     Spilled Records=3000000
14/12/06 23:18:25 INFO mapred.JobClient:     Map output bytes=10000000
14/12/06 23:18:25 INFO mapred.JobClient:     CPU time spent (ms)=96640
14/12/06 23:18:25 INFO mapred.JobClient:     Total committed heap usage (bytes)=3365666816
14/12/06 23:18:25 INFO mapred.JobClient:     Combine input records=0
14/12/06 23:18:25 INFO mapred.JobClient:     SPLIT_RAW_BYTES=107
14/12/06 23:18:25 INFO mapred.JobClient:     Reduce input records=1000000
14/12/06 23:18:25 INFO mapred.JobClient:     Reduce input groups=8
14/12/06 23:18:25 INFO mapred.JobClient:     Combine output records=0
14/12/06 23:18:25 INFO mapred.JobClient:     Physical memory (bytes) snapshot=1628536832
14/12/06 23:18:25 INFO mapred.JobClient:     Reduce output records=1000000
14/12/06 23:18:25 INFO mapred.JobClient:     Virtual memory (bytes) snapshot=14549532672
14/12/06 23:18:25 INFO mapred.JobClient:     Map output records=1000000
ls: Cannot access result: No such file or directory.
