Currently Loaded Modulefiles:
  1) null                         4) hadoop/1.1.1
  2) modules                      5) myhadoop/0.2a/hadoop-1.1.1
  3) java/j2sdk/1.6.0_22
14/12/06 23:21:55 INFO namenode.NameNode: STARTUP_MSG: 
/************************************************************
STARTUP_MSG: Starting NameNode
STARTUP_MSG:   host = d07n07s02/10.104.7.107
STARTUP_MSG:   args = [-format]
STARTUP_MSG:   version = 1.1.1
STARTUP_MSG:   build = https://svn.apache.org/repos/asf/hadoop/common/branches/branch-1.1 -r 1411108; compiled by 'hortonfo' on Mon Nov 19 10:48:11 UTC 2012
************************************************************/
14/12/06 23:21:56 INFO util.GSet: VM type       = 64-bit
14/12/06 23:21:56 INFO util.GSet: 2% max memory = 36.41 MB
14/12/06 23:21:56 INFO util.GSet: capacity      = 2^22 = 4194304 entries
14/12/06 23:21:56 INFO util.GSet: recommended=4194304, actual=4194304
14/12/06 23:21:56 INFO namenode.FSNamesystem: fsOwner=rajaramr
14/12/06 23:21:56 INFO namenode.FSNamesystem: supergroup=supergroup
14/12/06 23:21:56 INFO namenode.FSNamesystem: isPermissionEnabled=true
14/12/06 23:21:56 INFO namenode.FSNamesystem: dfs.block.invalidate.limit=100
14/12/06 23:21:56 INFO namenode.FSNamesystem: isAccessTokenEnabled=false accessKeyUpdateInterval=0 min(s), accessTokenLifetime=0 min(s)
14/12/06 23:21:56 INFO namenode.NameNode: Caching file names occuring more than 10 times 
14/12/06 23:21:57 INFO common.Storage: Image file of size 114 saved in 0 seconds.
14/12/06 23:21:57 INFO namenode.FSEditLog: closing edit log: position=4, editlog=/scratch/hadoop-rajaramr/data/dfs/name/current/edits
14/12/06 23:21:57 INFO namenode.FSEditLog: close success: truncate to 4, editlog=/scratch/hadoop-rajaramr/data/dfs/name/current/edits
14/12/06 23:21:57 INFO common.Storage: Storage directory /scratch/hadoop-rajaramr/data/dfs/name has been successfully formatted.
14/12/06 23:21:57 INFO namenode.NameNode: SHUTDOWN_MSG: 
/************************************************************
SHUTDOWN_MSG: Shutting down NameNode at d07n07s02/10.104.7.107
************************************************************/
14/12/06 23:22:43 WARN mapred.JobClient: Use GenericOptionsParser for parsing the arguments. Applications should implement Tool for the same.
14/12/06 23:22:44 INFO input.FileInputFormat: Total input paths to process : 1
14/12/06 23:22:44 INFO util.NativeCodeLoader: Loaded the native-hadoop library
14/12/06 23:22:44 WARN snappy.LoadSnappy: Snappy native library not loaded
14/12/06 23:22:45 INFO mapred.JobClient: Running job: job_201412062322_0001
14/12/06 23:22:46 INFO mapred.JobClient:  map 0% reduce 0%
14/12/06 23:22:56 INFO mapred.JobClient:  map 29% reduce 0%
14/12/06 23:22:59 INFO mapred.JobClient:  map 46% reduce 0%
14/12/06 23:23:02 INFO mapred.JobClient:  map 63% reduce 0%
14/12/06 23:23:05 INFO mapred.JobClient:  map 80% reduce 0%
14/12/06 23:23:08 INFO mapred.JobClient:  map 96% reduce 0%
14/12/06 23:23:09 INFO mapred.JobClient:  map 100% reduce 0%
14/12/06 23:23:17 INFO mapred.JobClient:  map 100% reduce 6%
14/12/06 23:23:18 INFO mapred.JobClient:  map 100% reduce 20%
14/12/06 23:23:19 INFO mapred.JobClient:  map 100% reduce 22%
14/12/06 23:23:20 INFO mapred.JobClient:  map 100% reduce 33%
14/12/06 23:23:21 INFO mapred.JobClient:  map 100% reduce 58%
14/12/06 23:23:22 INFO mapred.JobClient:  map 100% reduce 93%
14/12/06 23:23:23 INFO mapred.JobClient:  map 100% reduce 100%
14/12/06 23:23:25 INFO mapred.JobClient: Job complete: job_201412062322_0001
14/12/06 23:23:25 INFO mapred.JobClient: Counters: 29
14/12/06 23:23:25 INFO mapred.JobClient:   Job Counters 
14/12/06 23:23:25 INFO mapred.JobClient:     Launched reduce tasks=16
14/12/06 23:23:25 INFO mapred.JobClient:     SLOTS_MILLIS_MAPS=24066
14/12/06 23:23:25 INFO mapred.JobClient:     Total time spent by all reduces waiting after reserving slots (ms)=0
14/12/06 23:23:25 INFO mapred.JobClient:     Total time spent by all maps waiting after reserving slots (ms)=0
14/12/06 23:23:25 INFO mapred.JobClient:     Rack-local map tasks=1
14/12/06 23:23:25 INFO mapred.JobClient:     Launched map tasks=1
14/12/06 23:23:25 INFO mapred.JobClient:     SLOTS_MILLIS_REDUCES=176291
14/12/06 23:23:25 INFO mapred.JobClient:   File Output Format Counters 
14/12/06 23:23:25 INFO mapred.JobClient:     Bytes Written=12435846
14/12/06 23:23:25 INFO mapred.JobClient:   FileSystemCounters
14/12/06 23:23:25 INFO mapred.JobClient:     FILE_BYTES_READ=29110414
14/12/06 23:23:25 INFO mapred.JobClient:     HDFS_BYTES_READ=10100107
14/12/06 23:23:25 INFO mapred.JobClient:     FILE_BYTES_WRITTEN=37722308
14/12/06 23:23:25 INFO mapred.JobClient:     HDFS_BYTES_WRITTEN=12435846
14/12/06 23:23:25 INFO mapred.JobClient:   File Input Format Counters 
14/12/06 23:23:25 INFO mapred.JobClient:     Bytes Read=10100000
14/12/06 23:23:25 INFO mapred.JobClient:   Map-Reduce Framework
14/12/06 23:23:25 INFO mapred.JobClient:     Map output materialized bytes=12435942
14/12/06 23:23:25 INFO mapred.JobClient:     Map input records=100000
14/12/06 23:23:25 INFO mapred.JobClient:     Reduce shuffle bytes=12435942
14/12/06 23:23:25 INFO mapred.JobClient:     Spilled Records=3000000
14/12/06 23:23:25 INFO mapred.JobClient:     Map output bytes=10435846
14/12/06 23:23:25 INFO mapred.JobClient:     CPU time spent (ms)=89940
14/12/06 23:23:25 INFO mapred.JobClient:     Total committed heap usage (bytes)=6377242624
14/12/06 23:23:25 INFO mapred.JobClient:     Combine input records=0
14/12/06 23:23:25 INFO mapred.JobClient:     SPLIT_RAW_BYTES=107
14/12/06 23:23:25 INFO mapred.JobClient:     Reduce input records=1000000
14/12/06 23:23:25 INFO mapred.JobClient:     Reduce input groups=16
14/12/06 23:23:25 INFO mapred.JobClient:     Combine output records=0
14/12/06 23:23:25 INFO mapred.JobClient:     Physical memory (bytes) snapshot=2852147200
14/12/06 23:23:25 INFO mapred.JobClient:     Reduce output records=1000000
14/12/06 23:23:25 INFO mapred.JobClient:     Virtual memory (bytes) snapshot=27485405184
14/12/06 23:23:25 INFO mapred.JobClient:     Map output records=1000000
ls: Cannot access result: No such file or directory.
