SLURM Enviroment Variables:
Job ID = 3094535
Job Name = HD_BSORT
Job Node List = d07n07s02,d07n09s02
Number of Nodes = 2
Tasks per Nodes = 1
CPUs per task = 
/scratch/jobid = /scratch/3094535
submit Host = k07n14
Subimt Directory = /ifs/user/rajaramr/4/hbsort

MY_HADOOP_HOME=/util/myhadoop/myHadoop-0.2a_hadoop-1.1.1
HADOOP_HOME=/util/hadoop/hadoop-1.1.1
MyHadoop config directory=/ifs/user/rajaramr/4/hbsort/config
Set up the configurations for myHadoop
Number of nodes in nodelist=2
Number of Hadoop nodes requested: 2
Generation Hadoop configuration in directory: /ifs/user/rajaramr/4/hbsort/config
Not persisting HDFS state
Received 2 nodes from PBS
Master is: d07n07s02
Configuring node: d07n07s02
rm -rf /scratch/hadoop-rajaramr/log; mkdir -p /scratch/hadoop-rajaramr/log
rm -rf /scratch/hadoop-rajaramr/data; mkdir -p /scratch/hadoop-rajaramr/data
Configuring node: d07n09s02
rm -rf /scratch/hadoop-rajaramr/log; mkdir -p /scratch/hadoop-rajaramr/log
rm -rf /scratch/hadoop-rajaramr/data; mkdir -p /scratch/hadoop-rajaramr/data
Format HDFS
start dfs
starting namenode, logging to /scratch/hadoop-rajaramr/log/hadoop-rajaramr_d07n07s02-namenode-d07n07s02.out
d07n07s02: starting datanode, logging to /scratch/hadoop-rajaramr/log/hadoop-rajaramr_d07n07s02-datanode-d07n07s02.out
d07n09s02: starting datanode, logging to /scratch/hadoop-rajaramr/log/hadoop-rajaramr_d07n09s02-datanode-d07n09s02.out
d07n07s02: starting secondarynamenode, logging to /scratch/hadoop-rajaramr/log/hadoop-rajaramr_d07n07s02-secondarynamenode-d07n07s02.out
start jobtracker (mapred)
starting jobtracker, logging to /scratch/hadoop-rajaramr/log/hadoop-rajaramr_d07n07s02-jobtracker-d07n07s02.out
d07n09s02: starting tasktracker, logging to /scratch/hadoop-rajaramr/log/hadoop-rajaramr_d07n09s02-tasktracker-d07n09s02.out
d07n07s02: starting tasktracker, logging to /scratch/hadoop-rajaramr/log/hadoop-rajaramr_d07n07s02-tasktracker-d07n07s02.out
copy file to dfs
ls files in dfs
Found 1 items
-rw-r--r--   1 rajaramr supergroup    7575000 2014-12-06 21:57 /user/rajaramr/750K
run computation
Num reducers2
Problem size 750000
in_file 750K
out_file result_750K
path =/user/rajaramr/


 JOB WAs SUCCESSFUL


750001 ::time taken ::118415.53961 ms
750000 ::estimated milli 118416 ms
=================== TIME TAKEN ====================
Task name ::attempt_201412062156_0001_m_000002_0 took 1962 ms
Task name ::attempt_201412062156_0001_r_000001_0 took 0 ms
Task name ::attempt_201412062156_0001_r_000000_0 took 48207 ms
Task name ::attempt_201412062156_0001_r_000001_1 took 48535 ms
Task name ::attempt_201412062156_0001_m_000001_0 took 1285 ms
ls files in dfs
copy files in dfs
stop jobtracker (mapred)
stopping jobtracker
d07n07s02: stopping tasktracker
d07n09s02: stopping tasktracker
stop dfs
stopping namenode
d07n09s02: stopping datanode
d07n07s02: stopping datanode
d07n07s02: stopping secondarynamenode
Clean up
Number of Hadoop nodes specified by user: 2
Received 2 nodes from PBS
Clean up node: d07n07s02
rm -rf /scratch/hadoop-rajaramr/data /scratch/hadoop-rajaramr/log
Clean up node: d07n09s02
rm -rf /scratch/hadoop-rajaramr/data /scratch/hadoop-rajaramr/log

