Currently Loaded Modulefiles:
  1) null                         4) hadoop/1.1.1
  2) modules                      5) myhadoop/0.2a/hadoop-1.1.1
  3) java/j2sdk/1.6.0_22
14/12/07 10:23:14 INFO namenode.NameNode: STARTUP_MSG: 
/************************************************************
STARTUP_MSG: Starting NameNode
STARTUP_MSG:   host = d07n07s02/10.104.7.107
STARTUP_MSG:   args = [-format]
STARTUP_MSG:   version = 1.1.1
STARTUP_MSG:   build = https://svn.apache.org/repos/asf/hadoop/common/branches/branch-1.1 -r 1411108; compiled by 'hortonfo' on Mon Nov 19 10:48:11 UTC 2012
************************************************************/
14/12/07 10:23:14 INFO util.GSet: VM type       = 64-bit
14/12/07 10:23:14 INFO util.GSet: 2% max memory = 36.41 MB
14/12/07 10:23:14 INFO util.GSet: capacity      = 2^22 = 4194304 entries
14/12/07 10:23:14 INFO util.GSet: recommended=4194304, actual=4194304
14/12/07 10:23:14 INFO namenode.FSNamesystem: fsOwner=rajaramr
14/12/07 10:23:14 INFO namenode.FSNamesystem: supergroup=supergroup
14/12/07 10:23:14 INFO namenode.FSNamesystem: isPermissionEnabled=true
14/12/07 10:23:14 INFO namenode.FSNamesystem: dfs.block.invalidate.limit=100
14/12/07 10:23:14 INFO namenode.FSNamesystem: isAccessTokenEnabled=false accessKeyUpdateInterval=0 min(s), accessTokenLifetime=0 min(s)
14/12/07 10:23:14 INFO namenode.NameNode: Caching file names occuring more than 10 times 
14/12/07 10:23:15 INFO common.Storage: Image file of size 114 saved in 0 seconds.
14/12/07 10:23:15 INFO namenode.FSEditLog: closing edit log: position=4, editlog=/scratch/hadoop-rajaramr/data/dfs/name/current/edits
14/12/07 10:23:15 INFO namenode.FSEditLog: close success: truncate to 4, editlog=/scratch/hadoop-rajaramr/data/dfs/name/current/edits
14/12/07 10:23:15 INFO common.Storage: Storage directory /scratch/hadoop-rajaramr/data/dfs/name has been successfully formatted.
14/12/07 10:23:15 INFO namenode.NameNode: SHUTDOWN_MSG: 
/************************************************************
SHUTDOWN_MSG: Shutting down NameNode at d07n07s02/10.104.7.107
************************************************************/
14/12/07 10:24:01 WARN mapred.JobClient: Use GenericOptionsParser for parsing the arguments. Applications should implement Tool for the same.
14/12/07 10:24:01 INFO input.FileInputFormat: Total input paths to process : 1
14/12/07 10:24:01 INFO util.NativeCodeLoader: Loaded the native-hadoop library
14/12/07 10:24:01 WARN snappy.LoadSnappy: Snappy native library not loaded
14/12/07 10:24:02 INFO mapred.JobClient: Running job: job_201412071023_0001
14/12/07 10:24:03 INFO mapred.JobClient:  map 0% reduce 0%
14/12/07 10:24:15 INFO mapred.JobClient:  map 6% reduce 0%
14/12/07 10:24:18 INFO mapred.JobClient:  map 10% reduce 0%
14/12/07 10:24:21 INFO mapred.JobClient:  map 14% reduce 0%
14/12/07 10:24:24 INFO mapred.JobClient:  map 18% reduce 0%
14/12/07 10:24:27 INFO mapred.JobClient:  map 22% reduce 0%
14/12/07 10:24:30 INFO mapred.JobClient:  map 26% reduce 0%
14/12/07 10:24:33 INFO mapred.JobClient:  map 30% reduce 0%
14/12/07 10:24:36 INFO mapred.JobClient:  map 34% reduce 0%
14/12/07 10:24:39 INFO mapred.JobClient:  map 38% reduce 0%
14/12/07 10:24:42 INFO mapred.JobClient:  map 42% reduce 0%
14/12/07 10:24:46 INFO mapred.JobClient:  map 46% reduce 0%
14/12/07 10:24:49 INFO mapred.JobClient:  map 50% reduce 0%
14/12/07 10:24:52 INFO mapred.JobClient:  map 54% reduce 0%
14/12/07 10:24:55 INFO mapred.JobClient:  map 58% reduce 0%
14/12/07 10:24:58 INFO mapred.JobClient:  map 62% reduce 0%
14/12/07 10:25:01 INFO mapred.JobClient:  map 66% reduce 0%
14/12/07 10:25:04 INFO mapred.JobClient:  map 69% reduce 0%
14/12/07 10:25:07 INFO mapred.JobClient:  map 73% reduce 0%
14/12/07 10:25:10 INFO mapred.JobClient:  map 77% reduce 0%
14/12/07 10:25:13 INFO mapred.JobClient:  map 81% reduce 0%
14/12/07 10:25:16 INFO mapred.JobClient:  map 85% reduce 0%
14/12/07 10:25:19 INFO mapred.JobClient:  map 89% reduce 0%
14/12/07 10:25:22 INFO mapred.JobClient:  map 93% reduce 0%
14/12/07 10:25:25 INFO mapred.JobClient:  map 97% reduce 0%
14/12/07 10:25:28 INFO mapred.JobClient:  map 100% reduce 0%
14/12/07 10:25:39 INFO mapred.JobClient:  map 100% reduce 16%
14/12/07 10:32:45 INFO mapred.JobClient:  map 100% reduce 41%
14/12/07 10:32:49 INFO mapred.JobClient:  map 100% reduce 58%
14/12/07 10:32:53 INFO mapred.JobClient:  map 100% reduce 66%
14/12/07 10:33:00 INFO mapred.JobClient:  map 100% reduce 83%
14/12/07 10:34:14 INFO mapred.JobClient:  map 100% reduce 100%
14/12/07 10:34:16 INFO mapred.JobClient: Job complete: job_201412071023_0001
14/12/07 10:34:16 INFO mapred.JobClient: Counters: 29
14/12/07 10:34:16 INFO mapred.JobClient:   Job Counters 
14/12/07 10:34:16 INFO mapred.JobClient:     Launched reduce tasks=6
14/12/07 10:34:16 INFO mapred.JobClient:     SLOTS_MILLIS_MAPS=87590
14/12/07 10:34:16 INFO mapred.JobClient:     Total time spent by all reduces waiting after reserving slots (ms)=0
14/12/07 10:34:16 INFO mapred.JobClient:     Total time spent by all maps waiting after reserving slots (ms)=0
14/12/07 10:34:16 INFO mapred.JobClient:     Rack-local map tasks=1
14/12/07 10:34:16 INFO mapred.JobClient:     Launched map tasks=1
14/12/07 10:34:16 INFO mapred.JobClient:     SLOTS_MILLIS_REDUCES=1851562
14/12/07 10:34:16 INFO mapred.JobClient:   File Output Format Counters 
14/12/07 10:34:16 INFO mapred.JobClient:     Bytes Written=68887587
14/12/07 10:34:16 INFO mapred.JobClient:   FileSystemCounters
14/12/07 10:34:16 INFO mapred.JobClient:     FILE_BYTES_READ=157563660
14/12/07 10:34:16 INFO mapred.JobClient:     HDFS_BYTES_READ=59387694
14/12/07 10:34:16 INFO mapred.JobClient:     FILE_BYTES_WRITTEN=214893706
14/12/07 10:34:16 INFO mapred.JobClient:     HDFS_BYTES_WRITTEN=68887587
14/12/07 10:34:16 INFO mapred.JobClient:   File Input Format Counters 
14/12/07 10:34:16 INFO mapred.JobClient:     Bytes Read=59387587
14/12/07 10:34:16 INFO mapred.JobClient:   Map-Reduce Framework
14/12/07 10:34:16 INFO mapred.JobClient:     Map output materialized bytes=60000024
14/12/07 10:34:16 INFO mapred.JobClient:     Map input records=500000
14/12/07 10:34:16 INFO mapred.JobClient:     Reduce shuffle bytes=60000024
14/12/07 10:34:16 INFO mapred.JobClient:     Spilled Records=17897611
14/12/07 10:34:16 INFO mapred.JobClient:     Map output bytes=50000000
14/12/07 10:34:16 INFO mapred.JobClient:     CPU time spent (ms)=3570830
14/12/07 10:34:16 INFO mapred.JobClient:     Total committed heap usage (bytes)=2688155648
14/12/07 10:34:16 INFO mapred.JobClient:     Combine input records=0
14/12/07 10:34:16 INFO mapred.JobClient:     SPLIT_RAW_BYTES=107
14/12/07 10:34:16 INFO mapred.JobClient:     Reduce input records=5000000
14/12/07 10:34:16 INFO mapred.JobClient:     Reduce input groups=4
14/12/07 10:34:16 INFO mapred.JobClient:     Combine output records=0
14/12/07 10:34:16 INFO mapred.JobClient:     Physical memory (bytes) snapshot=2049183744
14/12/07 10:34:16 INFO mapred.JobClient:     Reduce output records=5000000
14/12/07 10:34:16 INFO mapred.JobClient:     Virtual memory (bytes) snapshot=8078962688
14/12/07 10:34:16 INFO mapred.JobClient:     Map output records=5000000
ls: Cannot access result: No such file or directory.
