Currently Loaded Modulefiles:
  1) null                         4) hadoop/1.1.1
  2) modules                      5) myhadoop/0.2a/hadoop-1.1.1
  3) java/j2sdk/1.6.0_22
14/12/07 10:43:12 INFO namenode.NameNode: STARTUP_MSG: 
/************************************************************
STARTUP_MSG: Starting NameNode
STARTUP_MSG:   host = d07n07s02/10.104.7.107
STARTUP_MSG:   args = [-format]
STARTUP_MSG:   version = 1.1.1
STARTUP_MSG:   build = https://svn.apache.org/repos/asf/hadoop/common/branches/branch-1.1 -r 1411108; compiled by 'hortonfo' on Mon Nov 19 10:48:11 UTC 2012
************************************************************/
14/12/07 10:43:12 INFO util.GSet: VM type       = 64-bit
14/12/07 10:43:12 INFO util.GSet: 2% max memory = 36.41 MB
14/12/07 10:43:12 INFO util.GSet: capacity      = 2^22 = 4194304 entries
14/12/07 10:43:12 INFO util.GSet: recommended=4194304, actual=4194304
14/12/07 10:43:13 INFO namenode.FSNamesystem: fsOwner=rajaramr
14/12/07 10:43:13 INFO namenode.FSNamesystem: supergroup=supergroup
14/12/07 10:43:13 INFO namenode.FSNamesystem: isPermissionEnabled=true
14/12/07 10:43:13 INFO namenode.FSNamesystem: dfs.block.invalidate.limit=100
14/12/07 10:43:13 INFO namenode.FSNamesystem: isAccessTokenEnabled=false accessKeyUpdateInterval=0 min(s), accessTokenLifetime=0 min(s)
14/12/07 10:43:13 INFO namenode.NameNode: Caching file names occuring more than 10 times 
14/12/07 10:43:14 INFO common.Storage: Image file of size 114 saved in 0 seconds.
14/12/07 10:43:14 INFO namenode.FSEditLog: closing edit log: position=4, editlog=/scratch/hadoop-rajaramr/data/dfs/name/current/edits
14/12/07 10:43:14 INFO namenode.FSEditLog: close success: truncate to 4, editlog=/scratch/hadoop-rajaramr/data/dfs/name/current/edits
14/12/07 10:43:14 INFO common.Storage: Storage directory /scratch/hadoop-rajaramr/data/dfs/name has been successfully formatted.
14/12/07 10:43:14 INFO namenode.NameNode: SHUTDOWN_MSG: 
/************************************************************
SHUTDOWN_MSG: Shutting down NameNode at d07n07s02/10.104.7.107
************************************************************/
14/12/07 10:43:58 WARN mapred.JobClient: Use GenericOptionsParser for parsing the arguments. Applications should implement Tool for the same.
14/12/07 10:43:58 INFO input.FileInputFormat: Total input paths to process : 1
14/12/07 10:43:58 INFO util.NativeCodeLoader: Loaded the native-hadoop library
14/12/07 10:43:58 WARN snappy.LoadSnappy: Snappy native library not loaded
14/12/07 10:43:59 INFO mapred.JobClient: Running job: job_201412071043_0001
14/12/07 10:44:00 INFO mapred.JobClient:  map 0% reduce 0%
14/12/07 10:44:10 INFO mapred.JobClient:  map 11% reduce 0%
14/12/07 10:44:13 INFO mapred.JobClient:  map 18% reduce 0%
14/12/07 10:44:16 INFO mapred.JobClient:  map 25% reduce 0%
14/12/07 10:44:19 INFO mapred.JobClient:  map 31% reduce 0%
14/12/07 10:44:22 INFO mapred.JobClient:  map 38% reduce 0%
14/12/07 10:44:25 INFO mapred.JobClient:  map 45% reduce 0%
14/12/07 10:44:28 INFO mapred.JobClient:  map 52% reduce 0%
14/12/07 10:44:31 INFO mapred.JobClient:  map 59% reduce 0%
14/12/07 10:44:34 INFO mapred.JobClient:  map 66% reduce 0%
14/12/07 10:44:37 INFO mapred.JobClient:  map 72% reduce 0%
14/12/07 10:44:40 INFO mapred.JobClient:  map 79% reduce 0%
14/12/07 10:44:43 INFO mapred.JobClient:  map 86% reduce 0%
14/12/07 10:44:46 INFO mapred.JobClient:  map 93% reduce 0%
14/12/07 10:44:49 INFO mapred.JobClient:  map 100% reduce 0%
14/12/07 10:45:00 INFO mapred.JobClient:  map 100% reduce 33%
14/12/07 10:45:03 INFO mapred.JobClient:  map 100% reduce 93%
14/12/07 11:03:05 INFO mapred.JobClient:  map 100% reduce 47%
14/12/07 11:03:05 INFO mapred.JobClient: Task Id : attempt_201412071043_0001_r_000001_0, Status : FAILED
java.lang.Throwable: Child Error
	at org.apache.hadoop.mapred.TaskRunner.run(TaskRunner.java:271)
Caused by: java.io.IOException: Task process exit with nonzero status of 134.
	at org.apache.hadoop.mapred.TaskRunner.run(TaskRunner.java:258)

14/12/07 11:04:06 INFO mapred.JobClient:  map 100% reduce 0%
14/12/07 11:04:06 INFO mapred.JobClient: Task Id : attempt_201412071043_0001_r_000000_0, Status : FAILED
java.lang.Throwable: Child Error
	at org.apache.hadoop.mapred.TaskRunner.run(TaskRunner.java:271)
Caused by: java.io.IOException: Task process exit with nonzero status of 134.
	at org.apache.hadoop.mapred.TaskRunner.run(TaskRunner.java:258)

14/12/07 11:04:15 INFO mapred.JobClient:  map 100% reduce 33%
14/12/07 11:04:18 INFO mapred.JobClient:  map 100% reduce 94%
14/12/07 11:21:54 INFO mapred.JobClient:  map 100% reduce 47%
14/12/07 11:21:55 INFO mapred.JobClient: Task Id : attempt_201412071043_0001_r_000001_1, Status : FAILED
java.lang.Throwable: Child Error
	at org.apache.hadoop.mapred.TaskRunner.run(TaskRunner.java:271)
Caused by: java.io.IOException: Task process exit with nonzero status of 134.
	at org.apache.hadoop.mapred.TaskRunner.run(TaskRunner.java:258)

14/12/07 11:22:03 INFO mapred.JobClient:  map 100% reduce 63%
14/12/07 11:22:06 INFO mapred.JobClient:  map 100% reduce 96%
14/12/07 11:24:09 INFO mapred.JobClient:  map 100% reduce 49%
14/12/07 11:24:10 INFO mapred.JobClient: Task Id : attempt_201412071043_0001_r_000000_1, Status : FAILED
java.lang.Throwable: Child Error
	at org.apache.hadoop.mapred.TaskRunner.run(TaskRunner.java:271)
Caused by: java.io.IOException: Task process exit with nonzero status of 134.
	at org.apache.hadoop.mapred.TaskRunner.run(TaskRunner.java:258)

14/12/07 11:24:18 INFO mapred.JobClient:  map 100% reduce 66%
14/12/07 11:24:21 INFO mapred.JobClient:  map 100% reduce 99%
14/12/07 11:40:42 INFO mapred.JobClient:  map 100% reduce 49%
14/12/07 11:40:43 INFO mapred.JobClient: Task Id : attempt_201412071043_0001_r_000001_2, Status : FAILED
java.lang.Throwable: Child Error
	at org.apache.hadoop.mapred.TaskRunner.run(TaskRunner.java:271)
Caused by: java.io.IOException: Task process exit with nonzero status of 134.
	at org.apache.hadoop.mapred.TaskRunner.run(TaskRunner.java:258)

14/12/07 11:40:51 INFO mapred.JobClient:  map 100% reduce 66%
14/12/07 11:41:29 INFO mapred.JobClient:  map 100% reduce 16%
14/12/07 11:41:30 INFO mapred.JobClient: Task Id : attempt_201412071043_0001_r_000000_2, Status : FAILED
java.lang.Throwable: Child Error
	at org.apache.hadoop.mapred.TaskRunner.run(TaskRunner.java:271)
Caused by: java.io.IOException: Task process exit with nonzero status of 134.
	at org.apache.hadoop.mapred.TaskRunner.run(TaskRunner.java:258)

14/12/07 11:41:37 INFO mapred.JobClient:  map 100% reduce 33%
slurmd[d07n07s02]: *** JOB 3095809 CANCELLED AT 2014-12-07T11:48:06 ***
