SLURM Enviroment Variables:
Job ID = 3095781
Job Name = HD_BSORT
Job Node List = d07n07s02,d07n08s02,d07n09s02,d07n10s01
Number of Nodes = 4
Tasks per Nodes = 1
CPUs per task = 
/scratch/jobid = /scratch/3095781
submit Host = k07n14
Subimt Directory = /ifs/user/rajaramr/4/hbsort

MY_HADOOP_HOME=/util/myhadoop/myHadoop-0.2a_hadoop-1.1.1
HADOOP_HOME=/util/hadoop/hadoop-1.1.1
MyHadoop config directory=/ifs/user/rajaramr/4/hbsort/config
Set up the configurations for myHadoop
Number of nodes in nodelist=4
Number of Hadoop nodes requested: 4
Generation Hadoop configuration in directory: /ifs/user/rajaramr/4/hbsort/config
Not persisting HDFS state
Received 4 nodes from PBS
Master is: d07n07s02
Configuring node: d07n07s02
rm -rf /scratch/hadoop-rajaramr/log; mkdir -p /scratch/hadoop-rajaramr/log
rm -rf /scratch/hadoop-rajaramr/data; mkdir -p /scratch/hadoop-rajaramr/data
Configuring node: d07n08s02
rm -rf /scratch/hadoop-rajaramr/log; mkdir -p /scratch/hadoop-rajaramr/log
rm -rf /scratch/hadoop-rajaramr/data; mkdir -p /scratch/hadoop-rajaramr/data
Configuring node: d07n09s02
rm -rf /scratch/hadoop-rajaramr/log; mkdir -p /scratch/hadoop-rajaramr/log
rm -rf /scratch/hadoop-rajaramr/data; mkdir -p /scratch/hadoop-rajaramr/data
Configuring node: d07n10s01
rm -rf /scratch/hadoop-rajaramr/log; mkdir -p /scratch/hadoop-rajaramr/log
rm -rf /scratch/hadoop-rajaramr/data; mkdir -p /scratch/hadoop-rajaramr/data
Format HDFS
start dfs
starting namenode, logging to /scratch/hadoop-rajaramr/log/hadoop-rajaramr_d07n07s02-namenode-d07n07s02.out
d07n07s02: starting datanode, logging to /scratch/hadoop-rajaramr/log/hadoop-rajaramr_d07n07s02-datanode-d07n07s02.out
d07n08s02: starting datanode, logging to /scratch/hadoop-rajaramr/log/hadoop-rajaramr_d07n08s02-datanode-d07n08s02.out
d07n09s02: starting datanode, logging to /scratch/hadoop-rajaramr/log/hadoop-rajaramr_d07n09s02-datanode-d07n09s02.out
d07n10s01: starting datanode, logging to /scratch/hadoop-rajaramr/log/hadoop-rajaramr_d07n10s01-datanode-d07n10s01.out
d07n07s02: starting secondarynamenode, logging to /scratch/hadoop-rajaramr/log/hadoop-rajaramr_d07n07s02-secondarynamenode-d07n07s02.out
start jobtracker (mapred)
starting jobtracker, logging to /scratch/hadoop-rajaramr/log/hadoop-rajaramr_d07n07s02-jobtracker-d07n07s02.out
d07n08s02: starting tasktracker, logging to /scratch/hadoop-rajaramr/log/hadoop-rajaramr_d07n08s02-tasktracker-d07n08s02.out
d07n07s02: starting tasktracker, logging to /scratch/hadoop-rajaramr/log/hadoop-rajaramr_d07n07s02-tasktracker-d07n07s02.out
d07n09s02: starting tasktracker, logging to /scratch/hadoop-rajaramr/log/hadoop-rajaramr_d07n09s02-tasktracker-d07n09s02.out
d07n10s01: starting tasktracker, logging to /scratch/hadoop-rajaramr/log/hadoop-rajaramr_d07n10s01-tasktracker-d07n10s01.out
copy file to dfs
ls files in dfs
Found 1 items
-rw-r--r--   1 rajaramr supergroup   59387587 2014-12-07 10:23 /user/rajaramr/5MILL
run computation
Num reducers4
Problem size 5000000
in_file 5MILL
out_file result_5MILL
path =/user/rajaramr/


 JOB WAs SUCCESSFUL


5000001 ::time taken ::615255.572922 ms
5000000 ::estimated milli 615256 ms
=================== TIME TAKEN ====================
Task name ::attempt_201412071023_0001_m_000002_0 took 2236 ms
Task name ::attempt_201412071023_0001_r_000001_0 took 435071 ms
Task name ::attempt_201412071023_0001_r_000002_0 took 439414 ms
Task name ::attempt_201412071023_0001_r_000003_0 took 450246 ms
Task name ::attempt_201412071023_0001_r_000003_1 took 0 ms
Task name ::attempt_201412071023_0001_r_000000_0 took 524421 ms
Task name ::attempt_201412071023_0001_m_000001_0 took 1304 ms
ls files in dfs
copy files in dfs
stop jobtracker (mapred)
stopping jobtracker
d07n07s02: stopping tasktracker
d07n08s02: stopping tasktracker
d07n09s02: stopping tasktracker
d07n10s01: stopping tasktracker
stop dfs
stopping namenode
d07n10s01: stopping datanode
d07n09s02: stopping datanode
d07n08s02: stopping datanode
d07n07s02: stopping datanode
d07n07s02: stopping secondarynamenode
Clean up
Number of Hadoop nodes specified by user: 4
Received 4 nodes from PBS
Clean up node: d07n07s02
rm -rf /scratch/hadoop-rajaramr/data /scratch/hadoop-rajaramr/log
Clean up node: d07n08s02
rm -rf /scratch/hadoop-rajaramr/data /scratch/hadoop-rajaramr/log
Clean up node: d07n09s02
rm -rf /scratch/hadoop-rajaramr/data /scratch/hadoop-rajaramr/log
Clean up node: d07n10s01
rm -rf /scratch/hadoop-rajaramr/data /scratch/hadoop-rajaramr/log

