Currently Loaded Modulefiles:
  1) null                         4) hadoop/1.1.1
  2) modules                      5) myhadoop/0.2a/hadoop-1.1.1
  3) java/j2sdk/1.6.0_22
14/12/07 10:13:16 INFO namenode.NameNode: STARTUP_MSG: 
/************************************************************
STARTUP_MSG: Starting NameNode
STARTUP_MSG:   host = d07n07s02/10.104.7.107
STARTUP_MSG:   args = [-format]
STARTUP_MSG:   version = 1.1.1
STARTUP_MSG:   build = https://svn.apache.org/repos/asf/hadoop/common/branches/branch-1.1 -r 1411108; compiled by 'hortonfo' on Mon Nov 19 10:48:11 UTC 2012
************************************************************/
14/12/07 10:13:16 INFO util.GSet: VM type       = 64-bit
14/12/07 10:13:16 INFO util.GSet: 2% max memory = 36.41 MB
14/12/07 10:13:16 INFO util.GSet: capacity      = 2^22 = 4194304 entries
14/12/07 10:13:16 INFO util.GSet: recommended=4194304, actual=4194304
14/12/07 10:13:17 INFO namenode.FSNamesystem: fsOwner=rajaramr
14/12/07 10:13:17 INFO namenode.FSNamesystem: supergroup=supergroup
14/12/07 10:13:17 INFO namenode.FSNamesystem: isPermissionEnabled=true
14/12/07 10:13:17 INFO namenode.FSNamesystem: dfs.block.invalidate.limit=100
14/12/07 10:13:17 INFO namenode.FSNamesystem: isAccessTokenEnabled=false accessKeyUpdateInterval=0 min(s), accessTokenLifetime=0 min(s)
14/12/07 10:13:17 INFO namenode.NameNode: Caching file names occuring more than 10 times 
14/12/07 10:13:18 INFO common.Storage: Image file of size 114 saved in 0 seconds.
14/12/07 10:13:18 INFO namenode.FSEditLog: closing edit log: position=4, editlog=/scratch/hadoop-rajaramr/data/dfs/name/current/edits
14/12/07 10:13:18 INFO namenode.FSEditLog: close success: truncate to 4, editlog=/scratch/hadoop-rajaramr/data/dfs/name/current/edits
14/12/07 10:13:18 INFO common.Storage: Storage directory /scratch/hadoop-rajaramr/data/dfs/name has been successfully formatted.
14/12/07 10:13:18 INFO namenode.NameNode: SHUTDOWN_MSG: 
/************************************************************
SHUTDOWN_MSG: Shutting down NameNode at d07n07s02/10.104.7.107
************************************************************/
14/12/07 10:14:03 WARN mapred.JobClient: Use GenericOptionsParser for parsing the arguments. Applications should implement Tool for the same.
14/12/07 10:14:03 INFO input.FileInputFormat: Total input paths to process : 1
14/12/07 10:14:03 INFO util.NativeCodeLoader: Loaded the native-hadoop library
14/12/07 10:14:03 WARN snappy.LoadSnappy: Snappy native library not loaded
14/12/07 10:14:04 INFO mapred.JobClient: Running job: job_201412071013_0001
14/12/07 10:14:05 INFO mapred.JobClient:  map 0% reduce 0%
14/12/07 10:14:15 INFO mapred.JobClient:  map 6% reduce 0%
14/12/07 10:14:18 INFO mapred.JobClient:  map 10% reduce 0%
14/12/07 10:14:21 INFO mapred.JobClient:  map 14% reduce 0%
14/12/07 10:14:24 INFO mapred.JobClient:  map 18% reduce 0%
14/12/07 10:14:27 INFO mapred.JobClient:  map 22% reduce 0%
14/12/07 10:14:30 INFO mapred.JobClient:  map 26% reduce 0%
14/12/07 10:14:33 INFO mapred.JobClient:  map 30% reduce 0%
14/12/07 10:14:36 INFO mapred.JobClient:  map 34% reduce 0%
14/12/07 10:14:39 INFO mapred.JobClient:  map 38% reduce 0%
14/12/07 10:14:42 INFO mapred.JobClient:  map 42% reduce 0%
14/12/07 10:14:45 INFO mapred.JobClient:  map 45% reduce 0%
14/12/07 10:14:48 INFO mapred.JobClient:  map 49% reduce 0%
14/12/07 10:14:51 INFO mapred.JobClient:  map 53% reduce 0%
14/12/07 10:14:54 INFO mapred.JobClient:  map 57% reduce 0%
14/12/07 10:14:57 INFO mapred.JobClient:  map 61% reduce 0%
14/12/07 10:15:00 INFO mapred.JobClient:  map 65% reduce 0%
14/12/07 10:15:04 INFO mapred.JobClient:  map 69% reduce 0%
14/12/07 10:15:07 INFO mapred.JobClient:  map 73% reduce 0%
14/12/07 10:15:10 INFO mapred.JobClient:  map 77% reduce 0%
14/12/07 10:15:13 INFO mapred.JobClient:  map 81% reduce 0%
14/12/07 10:15:16 INFO mapred.JobClient:  map 84% reduce 0%
14/12/07 10:15:19 INFO mapred.JobClient:  map 88% reduce 0%
14/12/07 10:15:22 INFO mapred.JobClient:  map 92% reduce 0%
14/12/07 10:15:25 INFO mapred.JobClient:  map 96% reduce 0%
14/12/07 10:15:28 INFO mapred.JobClient:  map 100% reduce 0%
14/12/07 10:15:39 INFO mapred.JobClient:  map 100% reduce 25%
14/12/07 10:17:04 INFO mapred.JobClient:  map 100% reduce 41%
14/12/07 10:17:12 INFO mapred.JobClient:  map 100% reduce 50%
14/12/07 10:17:25 INFO mapred.JobClient:  map 100% reduce 66%
14/12/07 10:17:29 INFO mapred.JobClient:  map 100% reduce 74%
14/12/07 10:17:30 INFO mapred.JobClient:  map 100% reduce 83%
14/12/07 10:18:00 INFO mapred.JobClient:  map 100% reduce 91%
14/12/07 10:19:12 INFO mapred.JobClient:  map 100% reduce 99%
14/12/07 10:19:14 INFO mapred.JobClient:  map 100% reduce 100%
14/12/07 10:19:16 INFO mapred.JobClient: Job complete: job_201412071013_0001
14/12/07 10:19:16 INFO mapred.JobClient: Counters: 29
14/12/07 10:19:16 INFO mapred.JobClient:   Job Counters 
14/12/07 10:19:16 INFO mapred.JobClient:     Launched reduce tasks=12
14/12/07 10:19:16 INFO mapred.JobClient:     SLOTS_MILLIS_MAPS=86420
14/12/07 10:19:16 INFO mapred.JobClient:     Total time spent by all reduces waiting after reserving slots (ms)=0
14/12/07 10:19:16 INFO mapred.JobClient:     Total time spent by all maps waiting after reserving slots (ms)=0
14/12/07 10:19:16 INFO mapred.JobClient:     Rack-local map tasks=1
14/12/07 10:19:16 INFO mapred.JobClient:     Launched map tasks=1
14/12/07 10:19:16 INFO mapred.JobClient:     SLOTS_MILLIS_REDUCES=1160749
14/12/07 10:19:16 INFO mapred.JobClient:   File Output Format Counters 
14/12/07 10:19:16 INFO mapred.JobClient:     Bytes Written=68887587
14/12/07 10:19:16 INFO mapred.JobClient:   FileSystemCounters
14/12/07 10:19:16 INFO mapred.JobClient:     FILE_BYTES_READ=163160278
14/12/07 10:19:16 INFO mapred.JobClient:     HDFS_BYTES_READ=59387694
14/12/07 10:19:16 INFO mapred.JobClient:     FILE_BYTES_WRITTEN=214939630
14/12/07 10:19:16 INFO mapred.JobClient:     HDFS_BYTES_WRITTEN=68887587
14/12/07 10:19:16 INFO mapred.JobClient:   File Input Format Counters 
14/12/07 10:19:16 INFO mapred.JobClient:     Bytes Read=59387587
14/12/07 10:19:16 INFO mapred.JobClient:   Map-Reduce Framework
14/12/07 10:19:16 INFO mapred.JobClient:     Map output materialized bytes=60000048
14/12/07 10:19:16 INFO mapred.JobClient:     Map input records=500000
14/12/07 10:19:16 INFO mapred.JobClient:     Reduce shuffle bytes=60000048
14/12/07 10:19:16 INFO mapred.JobClient:     Spilled Records=17893269
14/12/07 10:19:16 INFO mapred.JobClient:     Map output bytes=50000000
14/12/07 10:19:16 INFO mapred.JobClient:     CPU time spent (ms)=1849050
14/12/07 10:19:16 INFO mapred.JobClient:     Total committed heap usage (bytes)=4133683200
14/12/07 10:19:16 INFO mapred.JobClient:     Combine input records=0
14/12/07 10:19:16 INFO mapred.JobClient:     SPLIT_RAW_BYTES=107
14/12/07 10:19:16 INFO mapred.JobClient:     Reduce input records=5000000
14/12/07 10:19:16 INFO mapred.JobClient:     Reduce input groups=8
14/12/07 10:19:16 INFO mapred.JobClient:     Combine output records=0
14/12/07 10:19:16 INFO mapred.JobClient:     Physical memory (bytes) snapshot=2492923904
14/12/07 10:19:16 INFO mapred.JobClient:     Reduce output records=5000000
14/12/07 10:19:16 INFO mapred.JobClient:     Virtual memory (bytes) snapshot=14548017152
14/12/07 10:19:16 INFO mapred.JobClient:     Map output records=5000000
ls: Cannot access result: No such file or directory.
