SLURM Enviroment Variables:
Job ID = 3095768
Job Name = HD_BSORT
Job Node List = d07n07s02,d07n08s02,d07n09s02,d07n10s01,d07n11s01,d07n18s01,d07n19s01,d07n20s[01-02],d07n24s01,d07n25s02,d07n29s02,d07n30s[01-02],d07n31s[01-02]
Number of Nodes = 16
Tasks per Nodes = 1
CPUs per task = 
/scratch/jobid = /scratch/3095768
submit Host = k07n14
Subimt Directory = /ifs/user/rajaramr/4/hbsort

MY_HADOOP_HOME=/util/myhadoop/myHadoop-0.2a_hadoop-1.1.1
HADOOP_HOME=/util/hadoop/hadoop-1.1.1
MyHadoop config directory=/ifs/user/rajaramr/4/hbsort/config
Set up the configurations for myHadoop
Number of nodes in nodelist=16
Number of Hadoop nodes requested: 16
Generation Hadoop configuration in directory: /ifs/user/rajaramr/4/hbsort/config
Not persisting HDFS state
Received 16 nodes from PBS
Master is: d07n07s02
Configuring node: d07n07s02
rm -rf /scratch/hadoop-rajaramr/log; mkdir -p /scratch/hadoop-rajaramr/log
rm -rf /scratch/hadoop-rajaramr/data; mkdir -p /scratch/hadoop-rajaramr/data
Configuring node: d07n08s02
rm -rf /scratch/hadoop-rajaramr/log; mkdir -p /scratch/hadoop-rajaramr/log
rm -rf /scratch/hadoop-rajaramr/data; mkdir -p /scratch/hadoop-rajaramr/data
Configuring node: d07n09s02
rm -rf /scratch/hadoop-rajaramr/log; mkdir -p /scratch/hadoop-rajaramr/log
rm -rf /scratch/hadoop-rajaramr/data; mkdir -p /scratch/hadoop-rajaramr/data
Configuring node: d07n10s01
rm -rf /scratch/hadoop-rajaramr/log; mkdir -p /scratch/hadoop-rajaramr/log
rm -rf /scratch/hadoop-rajaramr/data; mkdir -p /scratch/hadoop-rajaramr/data
Configuring node: d07n11s01
rm -rf /scratch/hadoop-rajaramr/log; mkdir -p /scratch/hadoop-rajaramr/log
rm -rf /scratch/hadoop-rajaramr/data; mkdir -p /scratch/hadoop-rajaramr/data
Configuring node: d07n18s01
rm -rf /scratch/hadoop-rajaramr/log; mkdir -p /scratch/hadoop-rajaramr/log
rm -rf /scratch/hadoop-rajaramr/data; mkdir -p /scratch/hadoop-rajaramr/data
Configuring node: d07n19s01
rm -rf /scratch/hadoop-rajaramr/log; mkdir -p /scratch/hadoop-rajaramr/log
rm -rf /scratch/hadoop-rajaramr/data; mkdir -p /scratch/hadoop-rajaramr/data
Configuring node: d07n20s01
rm -rf /scratch/hadoop-rajaramr/log; mkdir -p /scratch/hadoop-rajaramr/log
rm -rf /scratch/hadoop-rajaramr/data; mkdir -p /scratch/hadoop-rajaramr/data
Configuring node: d07n20s02
rm -rf /scratch/hadoop-rajaramr/log; mkdir -p /scratch/hadoop-rajaramr/log
rm -rf /scratch/hadoop-rajaramr/data; mkdir -p /scratch/hadoop-rajaramr/data
Configuring node: d07n24s01
rm -rf /scratch/hadoop-rajaramr/log; mkdir -p /scratch/hadoop-rajaramr/log
rm -rf /scratch/hadoop-rajaramr/data; mkdir -p /scratch/hadoop-rajaramr/data
Configuring node: d07n25s02
rm -rf /scratch/hadoop-rajaramr/log; mkdir -p /scratch/hadoop-rajaramr/log
rm -rf /scratch/hadoop-rajaramr/data; mkdir -p /scratch/hadoop-rajaramr/data
Configuring node: d07n29s02
rm -rf /scratch/hadoop-rajaramr/log; mkdir -p /scratch/hadoop-rajaramr/log
rm -rf /scratch/hadoop-rajaramr/data; mkdir -p /scratch/hadoop-rajaramr/data
Configuring node: d07n30s01
rm -rf /scratch/hadoop-rajaramr/log; mkdir -p /scratch/hadoop-rajaramr/log
rm -rf /scratch/hadoop-rajaramr/data; mkdir -p /scratch/hadoop-rajaramr/data
Configuring node: d07n30s02
rm -rf /scratch/hadoop-rajaramr/log; mkdir -p /scratch/hadoop-rajaramr/log
rm -rf /scratch/hadoop-rajaramr/data; mkdir -p /scratch/hadoop-rajaramr/data
Configuring node: d07n31s01
rm -rf /scratch/hadoop-rajaramr/log; mkdir -p /scratch/hadoop-rajaramr/log
rm -rf /scratch/hadoop-rajaramr/data; mkdir -p /scratch/hadoop-rajaramr/data
Configuring node: d07n31s02
rm -rf /scratch/hadoop-rajaramr/log; mkdir -p /scratch/hadoop-rajaramr/log
rm -rf /scratch/hadoop-rajaramr/data; mkdir -p /scratch/hadoop-rajaramr/data
Format HDFS
start dfs
starting namenode, logging to /scratch/hadoop-rajaramr/log/hadoop-rajaramr_d07n07s02-namenode-d07n07s02.out
d07n30s02: starting datanode, logging to /scratch/hadoop-rajaramr/log/hadoop-rajaramr_d07n30s02-datanode-d07n30s02.out
d07n19s01: starting datanode, logging to /scratch/hadoop-rajaramr/log/hadoop-rajaramr_d07n19s01-datanode-d07n19s01.out
d07n11s01: starting datanode, logging to /scratch/hadoop-rajaramr/log/hadoop-rajaramr_d07n11s01-datanode-d07n11s01.out
d07n20s02: starting datanode, logging to /scratch/hadoop-rajaramr/log/hadoop-rajaramr_d07n20s02-datanode-d07n20s02.out
d07n29s02: starting datanode, logging to /scratch/hadoop-rajaramr/log/hadoop-rajaramr_d07n29s02-datanode-d07n29s02.out
d07n31s01: starting datanode, logging to /scratch/hadoop-rajaramr/log/hadoop-rajaramr_d07n31s01-datanode-d07n31s01.out
d07n24s01: starting datanode, logging to /scratch/hadoop-rajaramr/log/hadoop-rajaramr_d07n24s01-datanode-d07n24s01.out
d07n25s02: starting datanode, logging to /scratch/hadoop-rajaramr/log/hadoop-rajaramr_d07n25s02-datanode-d07n25s02.out
d07n20s01: starting datanode, logging to /scratch/hadoop-rajaramr/log/hadoop-rajaramr_d07n20s01-datanode-d07n20s01.out
d07n08s02: starting datanode, logging to /scratch/hadoop-rajaramr/log/hadoop-rajaramr_d07n08s02-datanode-d07n08s02.out
d07n18s01: starting datanode, logging to /scratch/hadoop-rajaramr/log/hadoop-rajaramr_d07n18s01-datanode-d07n18s01.out
d07n09s02: starting datanode, logging to /scratch/hadoop-rajaramr/log/hadoop-rajaramr_d07n09s02-datanode-d07n09s02.out
d07n30s01: starting datanode, logging to /scratch/hadoop-rajaramr/log/hadoop-rajaramr_d07n30s01-datanode-d07n30s01.out
d07n07s02: starting datanode, logging to /scratch/hadoop-rajaramr/log/hadoop-rajaramr_d07n07s02-datanode-d07n07s02.out
d07n31s02: starting datanode, logging to /scratch/hadoop-rajaramr/log/hadoop-rajaramr_d07n31s02-datanode-d07n31s02.out
d07n10s01: starting datanode, logging to /scratch/hadoop-rajaramr/log/hadoop-rajaramr_d07n10s01-datanode-d07n10s01.out
d07n07s02: starting secondarynamenode, logging to /scratch/hadoop-rajaramr/log/hadoop-rajaramr_d07n07s02-secondarynamenode-d07n07s02.out
start jobtracker (mapred)
starting jobtracker, logging to /scratch/hadoop-rajaramr/log/hadoop-rajaramr_d07n07s02-jobtracker-d07n07s02.out
d07n11s01: starting tasktracker, logging to /scratch/hadoop-rajaramr/log/hadoop-rajaramr_d07n11s01-tasktracker-d07n11s01.out
d07n25s02: starting tasktracker, logging to /scratch/hadoop-rajaramr/log/hadoop-rajaramr_d07n25s02-tasktracker-d07n25s02.out
d07n29s02: starting tasktracker, logging to /scratch/hadoop-rajaramr/log/hadoop-rajaramr_d07n29s02-tasktracker-d07n29s02.out
d07n31s01: starting tasktracker, logging to /scratch/hadoop-rajaramr/log/hadoop-rajaramr_d07n31s01-tasktracker-d07n31s01.out
d07n18s01: starting tasktracker, logging to /scratch/hadoop-rajaramr/log/hadoop-rajaramr_d07n18s01-tasktracker-d07n18s01.out
d07n08s02: starting tasktracker, logging to /scratch/hadoop-rajaramr/log/hadoop-rajaramr_d07n08s02-tasktracker-d07n08s02.out
d07n24s01: starting tasktracker, logging to /scratch/hadoop-rajaramr/log/hadoop-rajaramr_d07n24s01-tasktracker-d07n24s01.out
d07n07s02: starting tasktracker, logging to /scratch/hadoop-rajaramr/log/hadoop-rajaramr_d07n07s02-tasktracker-d07n07s02.out
d07n09s02: starting tasktracker, logging to /scratch/hadoop-rajaramr/log/hadoop-rajaramr_d07n09s02-tasktracker-d07n09s02.out
d07n30s01: starting tasktracker, logging to /scratch/hadoop-rajaramr/log/hadoop-rajaramr_d07n30s01-tasktracker-d07n30s01.out
d07n20s01: starting tasktracker, logging to /scratch/hadoop-rajaramr/log/hadoop-rajaramr_d07n20s01-tasktracker-d07n20s01.out
d07n20s02: starting tasktracker, logging to /scratch/hadoop-rajaramr/log/hadoop-rajaramr_d07n20s02-tasktracker-d07n20s02.out
d07n19s01: starting tasktracker, logging to /scratch/hadoop-rajaramr/log/hadoop-rajaramr_d07n19s01-tasktracker-d07n19s01.out
d07n30s02: starting tasktracker, logging to /scratch/hadoop-rajaramr/log/hadoop-rajaramr_d07n30s02-tasktracker-d07n30s02.out
d07n31s02: starting tasktracker, logging to /scratch/hadoop-rajaramr/log/hadoop-rajaramr_d07n31s02-tasktracker-d07n31s02.out
d07n10s01: starting tasktracker, logging to /scratch/hadoop-rajaramr/log/hadoop-rajaramr_d07n10s01-tasktracker-d07n10s01.out
copy file to dfs
ls files in dfs
Found 1 items
-rw-r--r--   1 rajaramr supergroup   59387587 2014-12-07 09:56 /user/rajaramr/5MILL
run computation
Num reducers16
Problem size 5000000
in_file 5MILL
out_file result_5MILL
path =/user/rajaramr/


 JOB WAs SUCCESSFUL


5000001 ::time taken ::176837.051923 ms
5000000 ::estimated milli 176837 ms
=================== TIME TAKEN ====================
Task name ::attempt_201412070955_0001_m_000002_0 took 1243 ms
Task name ::attempt_201412070955_0001_r_000001_0 took 24089 ms
Task name ::attempt_201412070955_0001_r_000004_0 took 34350 ms
Task name ::attempt_201412070955_0001_r_000011_0 took 34628 ms
Task name ::attempt_201412070955_0001_r_000006_0 took 35926 ms
Task name ::attempt_201412070955_0001_r_000010_0 took 36046 ms
Task name ::attempt_201412070955_0001_r_000000_0 took 36735 ms
Task name ::attempt_201412070955_0001_r_000005_0 took 36651 ms
Task name ::attempt_201412070955_0001_r_000009_0 took 36421 ms
Task name ::attempt_201412070955_0001_r_000007_0 took 37026 ms
Task name ::attempt_201412070955_0001_r_000015_0 took 36981 ms
Task name ::attempt_201412070955_0001_r_000008_0 took 37178 ms
Task name ::attempt_201412070955_0001_r_000003_0 took 38356 ms
Task name ::attempt_201412070955_0001_r_000000_1 took 0 ms
Task name ::attempt_201412070955_0001_r_000012_0 took 38609 ms
Task name ::attempt_201412070955_0001_r_000007_1 took 0 ms
Task name ::attempt_201412070955_0001_r_000003_1 took 0 ms
Task name ::attempt_201412070955_0001_r_000008_1 took 0 ms
Task name ::attempt_201412070955_0001_r_000014_0 took 41042 ms
Task name ::attempt_201412070955_0001_r_000012_1 took 0 ms
Task name ::attempt_201412070955_0001_r_000014_1 took 0 ms
Task name ::attempt_201412070955_0001_r_000002_0 took 50846 ms
Task name ::attempt_201412070955_0001_r_000002_1 took 0 ms
Task name ::attempt_201412070955_0001_r_000013_0 took 69700 ms
Task name ::attempt_201412070955_0001_m_000001_0 took 1916 ms
ls files in dfs
copy files in dfs
stop jobtracker (mapred)
stopping jobtracker
d07n19s01: stopping tasktracker
d07n20s01: stopping tasktracker
d07n29s02: stopping tasktracker
d07n31s01: stopping tasktracker
d07n30s01: stopping tasktracker
d07n07s02: stopping tasktracker
d07n08s02: stopping tasktracker
d07n31s02: stopping tasktracker
d07n18s01: stopping tasktracker
d07n10s01: stopping tasktracker
d07n30s02: stopping tasktracker
d07n20s02: stopping tasktracker
d07n11s01: stopping tasktracker
d07n09s02: stopping tasktracker
d07n24s01: stopping tasktracker
d07n25s02: stopping tasktracker
stop dfs
stopping namenode
d07n19s01: stopping datanode
d07n24s01: stopping datanode
d07n20s02: stopping datanode
d07n25s02: stopping datanode
d07n29s02: stopping datanode
d07n30s01: stopping datanode
d07n11s01: stopping datanode
d07n20s01: stopping datanode
d07n31s01: stopping datanode
d07n09s02: stopping datanode
d07n30s02: stopping datanode
d07n08s02: stopping datanode
d07n07s02: stopping datanode
d07n18s01: stopping datanode
d07n31s02: stopping datanode
d07n10s01: stopping datanode
d07n07s02: stopping secondarynamenode
Clean up
Number of Hadoop nodes specified by user: 16
Received 16 nodes from PBS
Clean up node: d07n07s02
rm -rf /scratch/hadoop-rajaramr/data /scratch/hadoop-rajaramr/log
Clean up node: d07n08s02
rm -rf /scratch/hadoop-rajaramr/data /scratch/hadoop-rajaramr/log
Clean up node: d07n09s02
rm -rf /scratch/hadoop-rajaramr/data /scratch/hadoop-rajaramr/log
Clean up node: d07n10s01
rm -rf /scratch/hadoop-rajaramr/data /scratch/hadoop-rajaramr/log
Clean up node: d07n11s01
rm -rf /scratch/hadoop-rajaramr/data /scratch/hadoop-rajaramr/log
Clean up node: d07n18s01
rm -rf /scratch/hadoop-rajaramr/data /scratch/hadoop-rajaramr/log
Clean up node: d07n19s01
rm -rf /scratch/hadoop-rajaramr/data /scratch/hadoop-rajaramr/log
Clean up node: d07n20s01
rm -rf /scratch/hadoop-rajaramr/data /scratch/hadoop-rajaramr/log
Clean up node: d07n20s02
rm -rf /scratch/hadoop-rajaramr/data /scratch/hadoop-rajaramr/log
Clean up node: d07n24s01
rm -rf /scratch/hadoop-rajaramr/data /scratch/hadoop-rajaramr/log
Clean up node: d07n25s02
rm -rf /scratch/hadoop-rajaramr/data /scratch/hadoop-rajaramr/log
Clean up node: d07n29s02
rm -rf /scratch/hadoop-rajaramr/data /scratch/hadoop-rajaramr/log
Clean up node: d07n30s01
rm -rf /scratch/hadoop-rajaramr/data /scratch/hadoop-rajaramr/log
Clean up node: d07n30s02
rm -rf /scratch/hadoop-rajaramr/data /scratch/hadoop-rajaramr/log
Clean up node: d07n31s01
rm -rf /scratch/hadoop-rajaramr/data /scratch/hadoop-rajaramr/log
Clean up node: d07n31s02
rm -rf /scratch/hadoop-rajaramr/data /scratch/hadoop-rajaramr/log

