Currently Loaded Modulefiles:
  1) null                         4) hadoop/1.1.1
  2) modules                      5) myhadoop/0.2a/hadoop-1.1.1
  3) java/j2sdk/1.6.0_22
14/12/07 09:55:22 INFO namenode.NameNode: STARTUP_MSG: 
/************************************************************
STARTUP_MSG: Starting NameNode
STARTUP_MSG:   host = d07n07s02/10.104.7.107
STARTUP_MSG:   args = [-format]
STARTUP_MSG:   version = 1.1.1
STARTUP_MSG:   build = https://svn.apache.org/repos/asf/hadoop/common/branches/branch-1.1 -r 1411108; compiled by 'hortonfo' on Mon Nov 19 10:48:11 UTC 2012
************************************************************/
14/12/07 09:55:22 INFO util.GSet: VM type       = 64-bit
14/12/07 09:55:22 INFO util.GSet: 2% max memory = 36.41 MB
14/12/07 09:55:22 INFO util.GSet: capacity      = 2^22 = 4194304 entries
14/12/07 09:55:22 INFO util.GSet: recommended=4194304, actual=4194304
14/12/07 09:55:23 INFO namenode.FSNamesystem: fsOwner=rajaramr
14/12/07 09:55:23 INFO namenode.FSNamesystem: supergroup=supergroup
14/12/07 09:55:23 INFO namenode.FSNamesystem: isPermissionEnabled=true
14/12/07 09:55:23 INFO namenode.FSNamesystem: dfs.block.invalidate.limit=100
14/12/07 09:55:23 INFO namenode.FSNamesystem: isAccessTokenEnabled=false accessKeyUpdateInterval=0 min(s), accessTokenLifetime=0 min(s)
14/12/07 09:55:23 INFO namenode.NameNode: Caching file names occuring more than 10 times 
14/12/07 09:55:24 INFO common.Storage: Image file of size 114 saved in 0 seconds.
14/12/07 09:55:24 INFO namenode.FSEditLog: closing edit log: position=4, editlog=/scratch/hadoop-rajaramr/data/dfs/name/current/edits
14/12/07 09:55:24 INFO namenode.FSEditLog: close success: truncate to 4, editlog=/scratch/hadoop-rajaramr/data/dfs/name/current/edits
14/12/07 09:55:24 INFO common.Storage: Storage directory /scratch/hadoop-rajaramr/data/dfs/name has been successfully formatted.
14/12/07 09:55:24 INFO namenode.NameNode: SHUTDOWN_MSG: 
/************************************************************
SHUTDOWN_MSG: Shutting down NameNode at d07n07s02/10.104.7.107
************************************************************/
14/12/07 09:56:10 WARN mapred.JobClient: Use GenericOptionsParser for parsing the arguments. Applications should implement Tool for the same.
14/12/07 09:56:10 INFO input.FileInputFormat: Total input paths to process : 1
14/12/07 09:56:10 INFO util.NativeCodeLoader: Loaded the native-hadoop library
14/12/07 09:56:10 WARN snappy.LoadSnappy: Snappy native library not loaded
14/12/07 09:56:11 INFO mapred.JobClient: Running job: job_201412070955_0001
14/12/07 09:56:12 INFO mapred.JobClient:  map 0% reduce 0%
14/12/07 09:56:22 INFO mapred.JobClient:  map 5% reduce 0%
14/12/07 09:56:25 INFO mapred.JobClient:  map 8% reduce 0%
14/12/07 09:56:28 INFO mapred.JobClient:  map 12% reduce 0%
14/12/07 09:56:31 INFO mapred.JobClient:  map 15% reduce 0%
14/12/07 09:56:34 INFO mapred.JobClient:  map 18% reduce 0%
14/12/07 09:56:37 INFO mapred.JobClient:  map 21% reduce 0%
14/12/07 09:56:40 INFO mapred.JobClient:  map 25% reduce 0%
14/12/07 09:56:43 INFO mapred.JobClient:  map 28% reduce 0%
14/12/07 09:56:46 INFO mapred.JobClient:  map 31% reduce 0%
14/12/07 09:56:49 INFO mapred.JobClient:  map 34% reduce 0%
14/12/07 09:56:52 INFO mapred.JobClient:  map 37% reduce 0%
14/12/07 09:56:55 INFO mapred.JobClient:  map 41% reduce 0%
14/12/07 09:56:59 INFO mapred.JobClient:  map 44% reduce 0%
14/12/07 09:57:02 INFO mapred.JobClient:  map 47% reduce 0%
14/12/07 09:57:05 INFO mapred.JobClient:  map 50% reduce 0%
14/12/07 09:57:08 INFO mapred.JobClient:  map 53% reduce 0%
14/12/07 09:57:11 INFO mapred.JobClient:  map 57% reduce 0%
14/12/07 09:57:14 INFO mapred.JobClient:  map 60% reduce 0%
14/12/07 09:57:17 INFO mapred.JobClient:  map 63% reduce 0%
14/12/07 09:57:20 INFO mapred.JobClient:  map 66% reduce 0%
14/12/07 09:57:23 INFO mapred.JobClient:  map 70% reduce 0%
14/12/07 09:57:26 INFO mapred.JobClient:  map 73% reduce 0%
14/12/07 09:57:29 INFO mapred.JobClient:  map 76% reduce 0%
14/12/07 09:57:32 INFO mapred.JobClient:  map 79% reduce 0%
14/12/07 09:57:35 INFO mapred.JobClient:  map 82% reduce 0%
14/12/07 09:57:38 INFO mapred.JobClient:  map 86% reduce 0%
14/12/07 09:57:41 INFO mapred.JobClient:  map 89% reduce 0%
14/12/07 09:57:44 INFO mapred.JobClient:  map 92% reduce 0%
14/12/07 09:57:47 INFO mapred.JobClient:  map 95% reduce 0%
14/12/07 09:57:50 INFO mapred.JobClient:  map 98% reduce 0%
14/12/07 09:57:53 INFO mapred.JobClient:  map 100% reduce 0%
14/12/07 09:58:02 INFO mapred.JobClient:  map 100% reduce 4%
14/12/07 09:58:03 INFO mapred.JobClient:  map 100% reduce 29%
14/12/07 09:58:18 INFO mapred.JobClient:  map 100% reduce 33%
14/12/07 09:58:26 INFO mapred.JobClient:  map 100% reduce 35%
14/12/07 09:58:28 INFO mapred.JobClient:  map 100% reduce 39%
14/12/07 09:58:29 INFO mapred.JobClient:  map 100% reduce 43%
14/12/07 09:58:30 INFO mapred.JobClient:  map 100% reduce 60%
14/12/07 09:58:31 INFO mapred.JobClient:  map 100% reduce 77%
14/12/07 09:58:32 INFO mapred.JobClient:  map 100% reduce 81%
14/12/07 09:58:33 INFO mapred.JobClient:  map 100% reduce 85%
14/12/07 09:58:36 INFO mapred.JobClient:  map 100% reduce 91%
14/12/07 09:58:45 INFO mapred.JobClient:  map 100% reduce 95%
14/12/07 09:59:03 INFO mapred.JobClient:  map 100% reduce 100%
14/12/07 09:59:06 INFO mapred.JobClient: Job complete: job_201412070955_0001
14/12/07 09:59:06 INFO mapred.JobClient: Counters: 29
14/12/07 09:59:06 INFO mapred.JobClient:   Job Counters 
14/12/07 09:59:06 INFO mapred.JobClient:     Launched reduce tasks=24
14/12/07 09:59:06 INFO mapred.JobClient:     SLOTS_MILLIS_MAPS=103221
14/12/07 09:59:06 INFO mapred.JobClient:     Total time spent by all reduces waiting after reserving slots (ms)=0
14/12/07 09:59:06 INFO mapred.JobClient:     Total time spent by all maps waiting after reserving slots (ms)=0
14/12/07 09:59:06 INFO mapred.JobClient:     Rack-local map tasks=1
14/12/07 09:59:06 INFO mapred.JobClient:     Launched map tasks=1
14/12/07 09:59:06 INFO mapred.JobClient:     SLOTS_MILLIS_REDUCES=633527
14/12/07 09:59:06 INFO mapred.JobClient:   File Output Format Counters 
14/12/07 09:59:06 INFO mapred.JobClient:     Bytes Written=71070624
14/12/07 09:59:06 INFO mapred.JobClient:   FileSystemCounters
14/12/07 09:59:06 INFO mapred.JobClient:     FILE_BYTES_READ=180239428
14/12/07 09:59:06 INFO mapred.JobClient:     HDFS_BYTES_READ=59387694
14/12/07 09:59:06 INFO mapred.JobClient:     FILE_BYTES_WRITTEN=222911448
14/12/07 09:59:06 INFO mapred.JobClient:     HDFS_BYTES_WRITTEN=71070624
14/12/07 09:59:06 INFO mapred.JobClient:   File Input Format Counters 
14/12/07 09:59:06 INFO mapred.JobClient:     Bytes Read=59387587
14/12/07 09:59:06 INFO mapred.JobClient:   Map-Reduce Framework
14/12/07 09:59:06 INFO mapred.JobClient:     Map output materialized bytes=62183133
14/12/07 09:59:06 INFO mapred.JobClient:     Map input records=500000
14/12/07 09:59:06 INFO mapred.JobClient:     Reduce shuffle bytes=62183133
14/12/07 09:59:06 INFO mapred.JobClient:     Spilled Records=17890346
14/12/07 09:59:06 INFO mapred.JobClient:     Map output bytes=52183037
14/12/07 09:59:06 INFO mapred.JobClient:     CPU time spent (ms)=1029190
14/12/07 09:59:06 INFO mapred.JobClient:     Total committed heap usage (bytes)=6554845184
14/12/07 09:59:06 INFO mapred.JobClient:     Combine input records=0
14/12/07 09:59:06 INFO mapred.JobClient:     SPLIT_RAW_BYTES=107
14/12/07 09:59:06 INFO mapred.JobClient:     Reduce input records=5000000
14/12/07 09:59:06 INFO mapred.JobClient:     Reduce input groups=16
14/12/07 09:59:06 INFO mapred.JobClient:     Combine output records=0
14/12/07 09:59:06 INFO mapred.JobClient:     Physical memory (bytes) snapshot=3111329792
14/12/07 09:59:06 INFO mapred.JobClient:     Reduce output records=5000000
14/12/07 09:59:06 INFO mapred.JobClient:     Virtual memory (bytes) snapshot=27484790784
14/12/07 09:59:06 INFO mapred.JobClient:     Map output records=5000000
ls: Cannot access result: No such file or directory.
