SLURM Enviroment Variables:
Job ID = 3094125
Job Name = HD_BSORT
Job Node List = d07n10s01,d07n16s02,d07n17s02,d07n18s01,d07n19s[01-02],d07n20s01,d09n05s01,d09n08s02,d13n21,d15n[24-26,32,35-36]
Number of Nodes = 16
Tasks per Nodes = 1
CPUs per task = 
/scratch/jobid = /scratch/3094125
submit Host = k07n14
Subimt Directory = /ifs/user/rajaramr/4/hbsort

MY_HADOOP_HOME=/util/myhadoop/myHadoop-0.2a_hadoop-1.1.1
HADOOP_HOME=/util/hadoop/hadoop-1.1.1
MyHadoop config directory=/ifs/user/rajaramr/4/hbsort/config
Set up the configurations for myHadoop
Number of nodes in nodelist=16
Number of Hadoop nodes requested: 16
Generation Hadoop configuration in directory: /ifs/user/rajaramr/4/hbsort/config
Not persisting HDFS state
Received 16 nodes from PBS
Master is: d07n10s01
Configuring node: d07n10s01
rm -rf /scratch/hadoop-rajaramr/log; mkdir -p /scratch/hadoop-rajaramr/log
rm -rf /scratch/hadoop-rajaramr/data; mkdir -p /scratch/hadoop-rajaramr/data
Configuring node: d07n16s02
rm -rf /scratch/hadoop-rajaramr/log; mkdir -p /scratch/hadoop-rajaramr/log
rm -rf /scratch/hadoop-rajaramr/data; mkdir -p /scratch/hadoop-rajaramr/data
Configuring node: d07n17s02
rm -rf /scratch/hadoop-rajaramr/log; mkdir -p /scratch/hadoop-rajaramr/log
rm -rf /scratch/hadoop-rajaramr/data; mkdir -p /scratch/hadoop-rajaramr/data
Configuring node: d07n18s01
rm -rf /scratch/hadoop-rajaramr/log; mkdir -p /scratch/hadoop-rajaramr/log
rm -rf /scratch/hadoop-rajaramr/data; mkdir -p /scratch/hadoop-rajaramr/data
Configuring node: d07n19s01
rm -rf /scratch/hadoop-rajaramr/log; mkdir -p /scratch/hadoop-rajaramr/log
rm -rf /scratch/hadoop-rajaramr/data; mkdir -p /scratch/hadoop-rajaramr/data
Configuring node: d07n19s02
rm -rf /scratch/hadoop-rajaramr/log; mkdir -p /scratch/hadoop-rajaramr/log
rm -rf /scratch/hadoop-rajaramr/data; mkdir -p /scratch/hadoop-rajaramr/data
Configuring node: d07n20s01
rm -rf /scratch/hadoop-rajaramr/log; mkdir -p /scratch/hadoop-rajaramr/log
rm -rf /scratch/hadoop-rajaramr/data; mkdir -p /scratch/hadoop-rajaramr/data
Configuring node: d09n05s01
rm -rf /scratch/hadoop-rajaramr/log; mkdir -p /scratch/hadoop-rajaramr/log
rm -rf /scratch/hadoop-rajaramr/data; mkdir -p /scratch/hadoop-rajaramr/data
Configuring node: d09n08s02
rm -rf /scratch/hadoop-rajaramr/log; mkdir -p /scratch/hadoop-rajaramr/log
rm -rf /scratch/hadoop-rajaramr/data; mkdir -p /scratch/hadoop-rajaramr/data
Configuring node: d13n21
rm -rf /scratch/hadoop-rajaramr/log; mkdir -p /scratch/hadoop-rajaramr/log
rm -rf /scratch/hadoop-rajaramr/data; mkdir -p /scratch/hadoop-rajaramr/data
Configuring node: d15n24
rm -rf /scratch/hadoop-rajaramr/log; mkdir -p /scratch/hadoop-rajaramr/log
rm -rf /scratch/hadoop-rajaramr/data; mkdir -p /scratch/hadoop-rajaramr/data
Configuring node: d15n25
rm -rf /scratch/hadoop-rajaramr/log; mkdir -p /scratch/hadoop-rajaramr/log
rm -rf /scratch/hadoop-rajaramr/data; mkdir -p /scratch/hadoop-rajaramr/data
Configuring node: d15n26
rm -rf /scratch/hadoop-rajaramr/log; mkdir -p /scratch/hadoop-rajaramr/log
rm -rf /scratch/hadoop-rajaramr/data; mkdir -p /scratch/hadoop-rajaramr/data
Configuring node: d15n32
rm -rf /scratch/hadoop-rajaramr/log; mkdir -p /scratch/hadoop-rajaramr/log
rm -rf /scratch/hadoop-rajaramr/data; mkdir -p /scratch/hadoop-rajaramr/data
Configuring node: d15n35
rm -rf /scratch/hadoop-rajaramr/log; mkdir -p /scratch/hadoop-rajaramr/log
rm -rf /scratch/hadoop-rajaramr/data; mkdir -p /scratch/hadoop-rajaramr/data
Configuring node: d15n36
rm -rf /scratch/hadoop-rajaramr/log; mkdir -p /scratch/hadoop-rajaramr/log
rm -rf /scratch/hadoop-rajaramr/data; mkdir -p /scratch/hadoop-rajaramr/data
Format HDFS
start dfs
starting namenode, logging to /scratch/hadoop-rajaramr/log/hadoop-rajaramr_d07n10s01-namenode-d07n10s01.out
d15n35: starting datanode, logging to /scratch/hadoop-rajaramr/log/hadoop-rajaramr_d15n35-datanode-d15n35.out
d07n17s02: starting datanode, logging to /scratch/hadoop-rajaramr/log/hadoop-rajaramr_d07n17s02-datanode-d07n17s02.out
d07n16s02: starting datanode, logging to /scratch/hadoop-rajaramr/log/hadoop-rajaramr_d07n16s02-datanode-d07n16s02.out
d09n05s01: starting datanode, logging to /scratch/hadoop-rajaramr/log/hadoop-rajaramr_d09n05s01-datanode-d09n05s01.out
d15n26: starting datanode, logging to /scratch/hadoop-rajaramr/log/hadoop-rajaramr_d15n26-datanode-d15n26.out
d15n24: starting datanode, logging to /scratch/hadoop-rajaramr/log/hadoop-rajaramr_d15n24-datanode-d15n24.out
d15n36: starting datanode, logging to /scratch/hadoop-rajaramr/log/hadoop-rajaramr_d15n36-datanode-d15n36.out
d15n32: starting datanode, logging to /scratch/hadoop-rajaramr/log/hadoop-rajaramr_d15n32-datanode-d15n32.out
d09n08s02: starting datanode, logging to /scratch/hadoop-rajaramr/log/hadoop-rajaramr_d09n08s02-datanode-d09n08s02.out
d07n19s01: starting datanode, logging to /scratch/hadoop-rajaramr/log/hadoop-rajaramr_d07n19s01-datanode-d07n19s01.out
d07n20s01: starting datanode, logging to /scratch/hadoop-rajaramr/log/hadoop-rajaramr_d07n20s01-datanode-d07n20s01.out
d15n25: starting datanode, logging to /scratch/hadoop-rajaramr/log/hadoop-rajaramr_d15n25-datanode-d15n25.out
d13n21: starting datanode, logging to /scratch/hadoop-rajaramr/log/hadoop-rajaramr_d13n21-datanode-d13n21.out
d07n10s01: starting datanode, logging to /scratch/hadoop-rajaramr/log/hadoop-rajaramr_d07n10s01-datanode-d07n10s01.out
d07n18s01: starting datanode, logging to /scratch/hadoop-rajaramr/log/hadoop-rajaramr_d07n18s01-datanode-d07n18s01.out
d07n19s02: starting datanode, logging to /scratch/hadoop-rajaramr/log/hadoop-rajaramr_d07n19s02-datanode-d07n19s02.out
d07n10s01: starting secondarynamenode, logging to /scratch/hadoop-rajaramr/log/hadoop-rajaramr_d07n10s01-secondarynamenode-d07n10s01.out
start jobtracker (mapred)
starting jobtracker, logging to /scratch/hadoop-rajaramr/log/hadoop-rajaramr_d07n10s01-jobtracker-d07n10s01.out
d09n05s01: starting tasktracker, logging to /scratch/hadoop-rajaramr/log/hadoop-rajaramr_d09n05s01-tasktracker-d09n05s01.out
d09n08s02: starting tasktracker, logging to /scratch/hadoop-rajaramr/log/hadoop-rajaramr_d09n08s02-tasktracker-d09n08s02.out
d07n19s02: starting tasktracker, logging to /scratch/hadoop-rajaramr/log/hadoop-rajaramr_d07n19s02-tasktracker-d07n19s02.out
d07n16s02: starting tasktracker, logging to /scratch/hadoop-rajaramr/log/hadoop-rajaramr_d07n16s02-tasktracker-d07n16s02.out
d07n17s02: starting tasktracker, logging to /scratch/hadoop-rajaramr/log/hadoop-rajaramr_d07n17s02-tasktracker-d07n17s02.out
d15n36: starting tasktracker, logging to /scratch/hadoop-rajaramr/log/hadoop-rajaramr_d15n36-tasktracker-d15n36.out
d15n32: starting tasktracker, logging to /scratch/hadoop-rajaramr/log/hadoop-rajaramr_d15n32-tasktracker-d15n32.out
d15n26: starting tasktracker, logging to /scratch/hadoop-rajaramr/log/hadoop-rajaramr_d15n26-tasktracker-d15n26.out
d15n35: starting tasktracker, logging to /scratch/hadoop-rajaramr/log/hadoop-rajaramr_d15n35-tasktracker-d15n35.out
d15n24: starting tasktracker, logging to /scratch/hadoop-rajaramr/log/hadoop-rajaramr_d15n24-tasktracker-d15n24.out
d07n19s01: starting tasktracker, logging to /scratch/hadoop-rajaramr/log/hadoop-rajaramr_d07n19s01-tasktracker-d07n19s01.out
d07n20s01: starting tasktracker, logging to /scratch/hadoop-rajaramr/log/hadoop-rajaramr_d07n20s01-tasktracker-d07n20s01.out
d07n18s01: starting tasktracker, logging to /scratch/hadoop-rajaramr/log/hadoop-rajaramr_d07n18s01-tasktracker-d07n18s01.out
d13n21: starting tasktracker, logging to /scratch/hadoop-rajaramr/log/hadoop-rajaramr_d13n21-tasktracker-d13n21.out
d15n25: starting tasktracker, logging to /scratch/hadoop-rajaramr/log/hadoop-rajaramr_d15n25-tasktracker-d15n25.out
d07n10s01: starting tasktracker, logging to /scratch/hadoop-rajaramr/log/hadoop-rajaramr_d07n10s01-tasktracker-d07n10s01.out
copy file to dfs
ls files in dfs
Found 1 items
-rw-r--r--   1 rajaramr supergroup    2525000 2014-12-06 19:10 /user/rajaramr/250K
run computation
Num reducers16
Problem size 250000
in_file 250K
out_file result_250K
path =/user/rajaramr/


 JOB WAs SUCCESSFUL


250001 ::time taken ::32886.809314 ms
250000 ::estimated milli 32887 ms
=================== TIME TAKEN ====================
Task name ::attempt_201412061910_0001_m_000002_0 took 1760 ms
Task name ::attempt_201412061910_0001_r_000003_0 took 8841 ms
Task name ::attempt_201412061910_0001_r_000006_0 took 8876 ms
Task name ::attempt_201412061910_0001_r_000008_0 took 8859 ms
Task name ::attempt_201412061910_0001_r_000013_0 took 8894 ms
Task name ::attempt_201412061910_0001_r_000015_0 took 8842 ms
Task name ::attempt_201412061910_0001_r_000001_0 took 9023 ms
Task name ::attempt_201412061910_0001_r_000005_0 took 9038 ms
Task name ::attempt_201412061910_0001_r_000004_0 took 8972 ms
Task name ::attempt_201412061910_0001_r_000002_0 took 9129 ms
Task name ::attempt_201412061910_0001_r_000010_0 took 9063 ms
Task name ::attempt_201412061910_0001_r_000000_0 took 9761 ms
Task name ::attempt_201412061910_0001_r_000007_0 took 10275 ms
Task name ::attempt_201412061910_0001_r_000012_0 took 10563 ms
Task name ::attempt_201412061910_0001_r_000011_0 took 10437 ms
Task name ::attempt_201412061910_0001_r_000009_0 took 10684 ms
Task name ::attempt_201412061910_0001_r_000014_0 took 10870 ms
Task name ::attempt_201412061910_0001_m_000001_0 took 0 ms
Task name ::attempt_201412061910_0001_r_000016_0 took 0 ms
Task name ::attempt_201412061910_0001_m_000001_1 took 1275 ms
ls files in dfs
copy files in dfs
stop jobtracker (mapred)
stopping jobtracker
d15n32: stopping tasktracker
d09n08s02: stopping tasktracker
d09n05s01: stopping tasktracker
d07n17s02: stopping tasktracker
d07n19s02: stopping tasktracker
d15n26: stopping tasktracker
d13n21: stopping tasktracker
d07n19s01: stopping tasktracker
d07n20s01: stopping tasktracker
d07n16s02: stopping tasktracker
d15n24: stopping tasktracker
d15n35: stopping tasktracker
d15n36: stopping tasktracker
d07n10s01: stopping tasktracker
d15n25: stopping tasktracker
d07n18s01: stopping tasktracker
stop dfs
stopping namenode
d15n35: stopping datanode
d15n24: stopping datanode
d15n36: stopping datanode
d07n16s02: stopping datanode
d07n17s02: stopping datanode
d09n08s02: stopping datanode
d09n05s01: stopping datanode
d07n19s02: stopping datanode
d15n32: stopping datanode
d15n26: stopping datanode
d07n18s01: stopping datanode
d15n25: stopping datanode
d07n10s01: stopping datanode
d07n19s01: stopping datanode
d13n21: stopping datanode
d07n20s01: stopping datanode
d07n10s01: stopping secondarynamenode
Clean up
Number of Hadoop nodes specified by user: 16
Received 16 nodes from PBS
Clean up node: d07n10s01
rm -rf /scratch/hadoop-rajaramr/data /scratch/hadoop-rajaramr/log
Clean up node: d07n16s02
rm -rf /scratch/hadoop-rajaramr/data /scratch/hadoop-rajaramr/log
Clean up node: d07n17s02
rm -rf /scratch/hadoop-rajaramr/data /scratch/hadoop-rajaramr/log
Clean up node: d07n18s01
rm -rf /scratch/hadoop-rajaramr/data /scratch/hadoop-rajaramr/log
Clean up node: d07n19s01
rm -rf /scratch/hadoop-rajaramr/data /scratch/hadoop-rajaramr/log
Clean up node: d07n19s02
rm -rf /scratch/hadoop-rajaramr/data /scratch/hadoop-rajaramr/log
Clean up node: d07n20s01
rm -rf /scratch/hadoop-rajaramr/data /scratch/hadoop-rajaramr/log
Clean up node: d09n05s01
rm -rf /scratch/hadoop-rajaramr/data /scratch/hadoop-rajaramr/log
Clean up node: d09n08s02
rm -rf /scratch/hadoop-rajaramr/data /scratch/hadoop-rajaramr/log
Clean up node: d13n21
rm -rf /scratch/hadoop-rajaramr/data /scratch/hadoop-rajaramr/log
Clean up node: d15n24
rm -rf /scratch/hadoop-rajaramr/data /scratch/hadoop-rajaramr/log
Clean up node: d15n25
rm -rf /scratch/hadoop-rajaramr/data /scratch/hadoop-rajaramr/log
Clean up node: d15n26
rm -rf /scratch/hadoop-rajaramr/data /scratch/hadoop-rajaramr/log
Clean up node: d15n32
rm -rf /scratch/hadoop-rajaramr/data /scratch/hadoop-rajaramr/log
Clean up node: d15n35
rm -rf /scratch/hadoop-rajaramr/data /scratch/hadoop-rajaramr/log
Clean up node: d15n36
rm -rf /scratch/hadoop-rajaramr/data /scratch/hadoop-rajaramr/log

