SLURM Enviroment Variables:
Job ID = 3094140
Job Name = HD_BSORT
Job Node List = d07n05s02,d07n06s02,d07n10s01,d07n16s02
Number of Nodes = 4
Tasks per Nodes = 1
CPUs per task = 
/scratch/jobid = /scratch/3094140
submit Host = k07n14
Subimt Directory = /ifs/user/rajaramr/4/hbsort

MY_HADOOP_HOME=/util/myhadoop/myHadoop-0.2a_hadoop-1.1.1
HADOOP_HOME=/util/hadoop/hadoop-1.1.1
MyHadoop config directory=/ifs/user/rajaramr/4/hbsort/config
Set up the configurations for myHadoop
Number of nodes in nodelist=4
Number of Hadoop nodes requested: 4
Generation Hadoop configuration in directory: /ifs/user/rajaramr/4/hbsort/config
Not persisting HDFS state
Received 4 nodes from PBS
Master is: d07n05s02
Configuring node: d07n05s02
rm -rf /scratch/hadoop-rajaramr/log; mkdir -p /scratch/hadoop-rajaramr/log
rm -rf /scratch/hadoop-rajaramr/data; mkdir -p /scratch/hadoop-rajaramr/data
Configuring node: d07n06s02
rm -rf /scratch/hadoop-rajaramr/log; mkdir -p /scratch/hadoop-rajaramr/log
rm -rf /scratch/hadoop-rajaramr/data; mkdir -p /scratch/hadoop-rajaramr/data
Configuring node: d07n10s01
rm -rf /scratch/hadoop-rajaramr/log; mkdir -p /scratch/hadoop-rajaramr/log
rm -rf /scratch/hadoop-rajaramr/data; mkdir -p /scratch/hadoop-rajaramr/data
Configuring node: d07n16s02
rm -rf /scratch/hadoop-rajaramr/log; mkdir -p /scratch/hadoop-rajaramr/log
rm -rf /scratch/hadoop-rajaramr/data; mkdir -p /scratch/hadoop-rajaramr/data
Format HDFS
start dfs
starting namenode, logging to /scratch/hadoop-rajaramr/log/hadoop-rajaramr_d07n05s02-namenode-d07n05s02.out
d07n06s02: starting datanode, logging to /scratch/hadoop-rajaramr/log/hadoop-rajaramr_d07n06s02-datanode-d07n06s02.out
d07n16s02: starting datanode, logging to /scratch/hadoop-rajaramr/log/hadoop-rajaramr_d07n16s02-datanode-d07n16s02.out
d07n10s01: starting datanode, logging to /scratch/hadoop-rajaramr/log/hadoop-rajaramr_d07n10s01-datanode-d07n10s01.out
d07n05s02: starting datanode, logging to /scratch/hadoop-rajaramr/log/hadoop-rajaramr_d07n05s02-datanode-d07n05s02.out
d07n05s02: starting secondarynamenode, logging to /scratch/hadoop-rajaramr/log/hadoop-rajaramr_d07n05s02-secondarynamenode-d07n05s02.out
start jobtracker (mapred)
starting jobtracker, logging to /scratch/hadoop-rajaramr/log/hadoop-rajaramr_d07n05s02-jobtracker-d07n05s02.out
d07n16s02: starting tasktracker, logging to /scratch/hadoop-rajaramr/log/hadoop-rajaramr_d07n16s02-tasktracker-d07n16s02.out
d07n05s02: starting tasktracker, logging to /scratch/hadoop-rajaramr/log/hadoop-rajaramr_d07n05s02-tasktracker-d07n05s02.out
d07n06s02: starting tasktracker, logging to /scratch/hadoop-rajaramr/log/hadoop-rajaramr_d07n06s02-tasktracker-d07n06s02.out
d07n10s01: starting tasktracker, logging to /scratch/hadoop-rajaramr/log/hadoop-rajaramr_d07n10s01-tasktracker-d07n10s01.out
copy file to dfs
ls files in dfs
Found 1 items
-rw-r--r--   1 rajaramr supergroup    2525000 2014-12-06 19:17 /user/rajaramr/250K
run computation
Num reducers4
Problem size 250000
in_file 250K
out_file result_250K
path =/user/rajaramr/


 JOB WAs SUCCESSFUL


250001 ::time taken ::29204.490427 ms
250000 ::estimated milli 29204 ms
=================== TIME TAKEN ====================
Task name ::attempt_201412061916_0001_m_000002_0 took 2418 ms
Task name ::attempt_201412061916_0001_r_000001_0 took 10197 ms
Task name ::attempt_201412061916_0001_r_000002_0 took 10196 ms
Task name ::attempt_201412061916_0001_r_000003_0 took 10172 ms
Task name ::attempt_201412061916_0001_r_000000_0 took 13048 ms
Task name ::attempt_201412061916_0001_m_000001_0 took 2402 ms
ls files in dfs
copy files in dfs
stop jobtracker (mapred)
stopping jobtracker
d07n16s02: stopping tasktracker
d07n05s02: stopping tasktracker
d07n06s02: stopping tasktracker
d07n10s01: stopping tasktracker
stop dfs
stopping namenode
d07n06s02: stopping datanode
d07n16s02: stopping datanode
d07n05s02: stopping datanode
d07n10s01: stopping datanode
d07n05s02: stopping secondarynamenode
Clean up
Number of Hadoop nodes specified by user: 4
Received 4 nodes from PBS
Clean up node: d07n05s02
rm -rf /scratch/hadoop-rajaramr/data /scratch/hadoop-rajaramr/log
Clean up node: d07n06s02
rm -rf /scratch/hadoop-rajaramr/data /scratch/hadoop-rajaramr/log
Clean up node: d07n10s01
rm -rf /scratch/hadoop-rajaramr/data /scratch/hadoop-rajaramr/log
Clean up node: d07n16s02
rm -rf /scratch/hadoop-rajaramr/data /scratch/hadoop-rajaramr/log

