SLURM Enviroment Variables:
Job ID = 3094175
Job Name = HD_BSORT
Job Node List = d07n10s01,d07n18s01,d07n19s01,d07n20s01
Number of Nodes = 4
Tasks per Nodes = 1
CPUs per task = 
/scratch/jobid = /scratch/3094175
submit Host = k07n14
Subimt Directory = /ifs/user/rajaramr/4/hbsort

MY_HADOOP_HOME=/util/myhadoop/myHadoop-0.2a_hadoop-1.1.1
HADOOP_HOME=/util/hadoop/hadoop-1.1.1
MyHadoop config directory=/ifs/user/rajaramr/4/hbsort/config
Set up the configurations for myHadoop
Number of nodes in nodelist=4
Number of Hadoop nodes requested: 4
Generation Hadoop configuration in directory: /ifs/user/rajaramr/4/hbsort/config
Not persisting HDFS state
Received 4 nodes from PBS
Master is: d07n10s01
Configuring node: d07n10s01
rm -rf /scratch/hadoop-rajaramr/log; mkdir -p /scratch/hadoop-rajaramr/log
rm -rf /scratch/hadoop-rajaramr/data; mkdir -p /scratch/hadoop-rajaramr/data
Configuring node: d07n18s01
rm -rf /scratch/hadoop-rajaramr/log; mkdir -p /scratch/hadoop-rajaramr/log
rm -rf /scratch/hadoop-rajaramr/data; mkdir -p /scratch/hadoop-rajaramr/data
Configuring node: d07n19s01
rm -rf /scratch/hadoop-rajaramr/log; mkdir -p /scratch/hadoop-rajaramr/log
rm -rf /scratch/hadoop-rajaramr/data; mkdir -p /scratch/hadoop-rajaramr/data
Configuring node: d07n20s01
rm -rf /scratch/hadoop-rajaramr/log; mkdir -p /scratch/hadoop-rajaramr/log
rm -rf /scratch/hadoop-rajaramr/data; mkdir -p /scratch/hadoop-rajaramr/data
Format HDFS
start dfs
starting namenode, logging to /scratch/hadoop-rajaramr/log/hadoop-rajaramr_d07n10s01-namenode-d07n10s01.out
d07n20s01: starting datanode, logging to /scratch/hadoop-rajaramr/log/hadoop-rajaramr_d07n20s01-datanode-d07n20s01.out
d07n19s01: starting datanode, logging to /scratch/hadoop-rajaramr/log/hadoop-rajaramr_d07n19s01-datanode-d07n19s01.out
d07n18s01: starting datanode, logging to /scratch/hadoop-rajaramr/log/hadoop-rajaramr_d07n18s01-datanode-d07n18s01.out
d07n10s01: starting datanode, logging to /scratch/hadoop-rajaramr/log/hadoop-rajaramr_d07n10s01-datanode-d07n10s01.out
d07n10s01: starting secondarynamenode, logging to /scratch/hadoop-rajaramr/log/hadoop-rajaramr_d07n10s01-secondarynamenode-d07n10s01.out
start jobtracker (mapred)
starting jobtracker, logging to /scratch/hadoop-rajaramr/log/hadoop-rajaramr_d07n10s01-jobtracker-d07n10s01.out
d07n18s01: starting tasktracker, logging to /scratch/hadoop-rajaramr/log/hadoop-rajaramr_d07n18s01-tasktracker-d07n18s01.out
d07n20s01: starting tasktracker, logging to /scratch/hadoop-rajaramr/log/hadoop-rajaramr_d07n20s01-tasktracker-d07n20s01.out
d07n19s01: starting tasktracker, logging to /scratch/hadoop-rajaramr/log/hadoop-rajaramr_d07n19s01-tasktracker-d07n19s01.out
d07n10s01: starting tasktracker, logging to /scratch/hadoop-rajaramr/log/hadoop-rajaramr_d07n10s01-tasktracker-d07n10s01.out
copy file to dfs
ls files in dfs
Found 1 items
-rw-r--r--   1 rajaramr supergroup     978453 2014-12-06 19:35 /user/rajaramr/100K
run computation
Num reducers4
Problem size 100000
in_file 100K
out_file result_100K
path =/user/rajaramr/


 JOB WAs SUCCESSFUL


100001 ::time taken ::24391.261413 ms
100000 ::estimated milli 24391 ms
=================== TIME TAKEN ====================
Task name ::attempt_201412061935_0001_m_000002_0 took 1863 ms
Task name ::attempt_201412061935_0001_r_000000_0 took 10771 ms
Task name ::attempt_201412061935_0001_r_000002_0 took 10491 ms
Task name ::attempt_201412061935_0001_r_000001_0 took 10506 ms
Task name ::attempt_201412061935_0001_r_000003_0 took 10741 ms
Task name ::attempt_201412061935_0001_m_000001_0 took 1785 ms
ls files in dfs
copy files in dfs
stop jobtracker (mapred)
stopping jobtracker
d07n10s01: stopping tasktracker
d07n18s01: stopping tasktracker
d07n19s01: stopping tasktracker
d07n20s01: stopping tasktracker
stop dfs
stopping namenode
d07n19s01: stopping datanode
d07n20s01: stopping datanode
d07n10s01: stopping datanode
d07n18s01: stopping datanode
d07n10s01: stopping secondarynamenode
Clean up
Number of Hadoop nodes specified by user: 4
Received 4 nodes from PBS
Clean up node: d07n10s01
rm -rf /scratch/hadoop-rajaramr/data /scratch/hadoop-rajaramr/log
Clean up node: d07n18s01
rm -rf /scratch/hadoop-rajaramr/data /scratch/hadoop-rajaramr/log
Clean up node: d07n19s01
rm -rf /scratch/hadoop-rajaramr/data /scratch/hadoop-rajaramr/log
Clean up node: d07n20s01
rm -rf /scratch/hadoop-rajaramr/data /scratch/hadoop-rajaramr/log

