Currently Loaded Modulefiles:
  1) null                         4) hadoop/1.1.1
  2) modules                      5) myhadoop/0.2a/hadoop-1.1.1
  3) java/j2sdk/1.6.0_22
14/12/06 19:39:58 INFO namenode.NameNode: STARTUP_MSG: 
/************************************************************
STARTUP_MSG: Starting NameNode
STARTUP_MSG:   host = d07n05s02/10.104.7.105
STARTUP_MSG:   args = [-format]
STARTUP_MSG:   version = 1.1.1
STARTUP_MSG:   build = https://svn.apache.org/repos/asf/hadoop/common/branches/branch-1.1 -r 1411108; compiled by 'hortonfo' on Mon Nov 19 10:48:11 UTC 2012
************************************************************/
14/12/06 19:39:58 INFO util.GSet: VM type       = 64-bit
14/12/06 19:39:58 INFO util.GSet: 2% max memory = 36.41 MB
14/12/06 19:39:58 INFO util.GSet: capacity      = 2^22 = 4194304 entries
14/12/06 19:39:58 INFO util.GSet: recommended=4194304, actual=4194304
14/12/06 19:39:58 INFO namenode.FSNamesystem: fsOwner=rajaramr
14/12/06 19:39:58 INFO namenode.FSNamesystem: supergroup=supergroup
14/12/06 19:39:58 INFO namenode.FSNamesystem: isPermissionEnabled=true
14/12/06 19:39:58 INFO namenode.FSNamesystem: dfs.block.invalidate.limit=100
14/12/06 19:39:58 INFO namenode.FSNamesystem: isAccessTokenEnabled=false accessKeyUpdateInterval=0 min(s), accessTokenLifetime=0 min(s)
14/12/06 19:39:58 INFO namenode.NameNode: Caching file names occuring more than 10 times 
14/12/06 19:39:59 INFO common.Storage: Image file of size 114 saved in 0 seconds.
14/12/06 19:39:59 INFO namenode.FSEditLog: closing edit log: position=4, editlog=/scratch/hadoop-rajaramr/data/dfs/name/current/edits
14/12/06 19:39:59 INFO namenode.FSEditLog: close success: truncate to 4, editlog=/scratch/hadoop-rajaramr/data/dfs/name/current/edits
14/12/06 19:40:00 INFO common.Storage: Storage directory /scratch/hadoop-rajaramr/data/dfs/name has been successfully formatted.
14/12/06 19:40:00 INFO namenode.NameNode: SHUTDOWN_MSG: 
/************************************************************
SHUTDOWN_MSG: Shutting down NameNode at d07n05s02/10.104.7.105
************************************************************/
14/12/06 19:40:44 WARN mapred.JobClient: Use GenericOptionsParser for parsing the arguments. Applications should implement Tool for the same.
14/12/06 19:40:44 INFO input.FileInputFormat: Total input paths to process : 1
14/12/06 19:40:44 INFO util.NativeCodeLoader: Loaded the native-hadoop library
14/12/06 19:40:44 WARN snappy.LoadSnappy: Snappy native library not loaded
14/12/06 19:40:45 INFO mapred.JobClient: Running job: job_201412061940_0001
14/12/06 19:40:46 INFO mapred.JobClient:  map 0% reduce 0%
14/12/06 19:40:53 INFO mapred.JobClient:  map 100% reduce 0%
14/12/06 19:41:00 INFO mapred.JobClient:  map 100% reduce 29%
14/12/06 19:41:01 INFO mapred.JobClient:  map 100% reduce 33%
14/12/06 19:41:02 INFO mapred.JobClient:  map 100% reduce 91%
14/12/06 19:41:04 INFO mapred.JobClient:  map 100% reduce 100%
14/12/06 19:41:05 INFO mapred.JobClient: Job complete: job_201412061940_0001
14/12/06 19:41:05 INFO mapred.JobClient: Counters: 29
14/12/06 19:41:05 INFO mapred.JobClient:   Job Counters 
14/12/06 19:41:05 INFO mapred.JobClient:     Launched reduce tasks=8
14/12/06 19:41:05 INFO mapred.JobClient:     SLOTS_MILLIS_MAPS=7485
14/12/06 19:41:05 INFO mapred.JobClient:     Total time spent by all reduces waiting after reserving slots (ms)=0
14/12/06 19:41:05 INFO mapred.JobClient:     Total time spent by all maps waiting after reserving slots (ms)=0
14/12/06 19:41:05 INFO mapred.JobClient:     Rack-local map tasks=1
14/12/06 19:41:05 INFO mapred.JobClient:     Launched map tasks=1
14/12/06 19:41:05 INFO mapred.JobClient:     SLOTS_MILLIS_REDUCES=72518
14/12/06 19:41:05 INFO mapred.JobClient:   File Output Format Counters 
14/12/06 19:41:05 INFO mapred.JobClient:     Bytes Written=1168453
14/12/06 19:41:05 INFO mapred.JobClient:   FileSystemCounters
14/12/06 19:41:05 INFO mapred.JobClient:     FILE_BYTES_READ=1200048
14/12/06 19:41:05 INFO mapred.JobClient:     HDFS_BYTES_READ=978559
14/12/06 19:41:05 INFO mapred.JobClient:     FILE_BYTES_WRITTEN=2619319
14/12/06 19:41:05 INFO mapred.JobClient:     HDFS_BYTES_WRITTEN=1168453
14/12/06 19:41:05 INFO mapred.JobClient:   File Input Format Counters 
14/12/06 19:41:05 INFO mapred.JobClient:     Bytes Read=978453
14/12/06 19:41:05 INFO mapred.JobClient:   Map-Reduce Framework
14/12/06 19:41:05 INFO mapred.JobClient:     Map output materialized bytes=1200048
14/12/06 19:41:05 INFO mapred.JobClient:     Map input records=10000
14/12/06 19:41:05 INFO mapred.JobClient:     Reduce shuffle bytes=1200048
14/12/06 19:41:05 INFO mapred.JobClient:     Spilled Records=200000
14/12/06 19:41:05 INFO mapred.JobClient:     Map output bytes=1000000
14/12/06 19:41:05 INFO mapred.JobClient:     CPU time spent (ms)=26610
14/12/06 19:41:05 INFO mapred.JobClient:     Total committed heap usage (bytes)=3394437120
14/12/06 19:41:05 INFO mapred.JobClient:     Combine input records=0
14/12/06 19:41:05 INFO mapred.JobClient:     SPLIT_RAW_BYTES=106
14/12/06 19:41:05 INFO mapred.JobClient:     Reduce input records=100000
14/12/06 19:41:05 INFO mapred.JobClient:     Reduce input groups=8
14/12/06 19:41:05 INFO mapred.JobClient:     Combine output records=0
14/12/06 19:41:05 INFO mapred.JobClient:     Physical memory (bytes) snapshot=1560375296
14/12/06 19:41:05 INFO mapred.JobClient:     Reduce output records=100000
14/12/06 19:41:05 INFO mapred.JobClient:     Virtual memory (bytes) snapshot=14549086208
14/12/06 19:41:05 INFO mapred.JobClient:     Map output records=100000
ls: Cannot access result: No such file or directory.
